Using pre-set license

 COMMAND LINE ARGUMENTS:
/Volumes/Drive/Coding Software/Unity/2020.3.5f1/Unity.app/Contents/MacOS/Unity
-adb2
-batchMode
-noUpm
-name
AssetImportWorker0
-projectPath
/Volumes/Drive/Games/Released/2 Jail Run/Projects/Jail Run (New Art)
-logFile
Logs/AssetImportWorker0.log
-srvPort
51794
Successfully changed project path to: /Volumes/Drive/Games/Released/2 Jail Run/Projects/Jail Run (New Art)
/Volumes/Drive/Games/Released/2 Jail Run/Projects/Jail Run (New Art)
Using Asset Import Pipeline V2.
Refreshing native plugins compatible for Editor in 42.80 ms, found 1 plugins.
Preloading 0 native plugins for Editor in 0.00 ms.
Initialize engine version: 2020.3.5f1 (8095aa901b9b)
[Subsystems] Discovering subsystems at path /Volumes/Drive/Coding Software/Unity/2020.3.5f1/Unity.app/Contents/Resources/UnitySubsystems
[Subsystems] Discovering subsystems at path /Volumes/Drive/Games/Released/2 Jail Run/Projects/Jail Run (New Art)/Assets
GfxDevice: creating device client; threaded=0
2021-08-24 14:24:20.857 Unity[88706:4969897] Color LCD preferred device: Intel(R) Iris(TM) Plus Graphics 640 (low power)
2021-08-24 14:24:20.857 Unity[88706:4969897] Metal devices available: 1
2021-08-24 14:24:20.857 Unity[88706:4969897] 0: Intel(R) Iris(TM) Plus Graphics 640 (low power)
2021-08-24 14:24:20.857 Unity[88706:4969897] Using device Intel(R) Iris(TM) Plus Graphics 640 (low power)
Initializing Metal device caps: Intel(R) Iris(TM) Plus Graphics 640
Initialize mono
Mono path[0] = '/Volumes/Drive/Coding Software/Unity/2020.3.5f1/Unity.app/Contents/Managed'
Mono path[1] = '/Volumes/Drive/Coding Software/Unity/2020.3.5f1/Unity.app/Contents/MonoBleedingEdge/lib/mono/unityjit'
Mono config path = '/Volumes/Drive/Coding Software/Unity/2020.3.5f1/Unity.app/Contents/MonoBleedingEdge/etc'
Using monoOptions --debugger-agent=transport=dt_socket,embedding=1,server=y,suspend=n,address=127.0.0.1:56706
Begin MonoManager ReloadAssembly
Registering precompiled unity dll's ...
Register platform support module: /Volumes/Drive/Coding Software/Unity/2020.3.5f1/PlaybackEngines/WebGLSupport/UnityEditor.WebGL.Extensions.dll
Register platform support module: /Volumes/Drive/Coding Software/Unity/2020.3.5f1/Unity.app/Contents/PlaybackEngines/MacStandaloneSupport/UnityEditor.OSXStandalone.Extensions.dll
Register platform support module: /Volumes/Drive/Coding Software/Unity/2020.3.5f1/PlaybackEngines/WindowsStandaloneSupport/UnityEditor.WindowsStandalone.Extensions.dll
Register platform support module: /Volumes/Drive/Coding Software/Unity/2020.3.5f1/PlaybackEngines/LinuxStandaloneSupport/UnityEditor.LinuxStandalone.Extensions.dll
Registered in 0.001048 seconds.
Native extension for LinuxStandalone target not found
Native extension for WindowsStandalone target not found
Native extension for OSXStandalone target not found
Native extension for WebGL target not found
Refreshing native plugins compatible for Editor in 54.37 ms, found 1 plugins.
Preloading 0 native plugins for Editor in 0.00 ms.
Mono: successfully reloaded assembly
- Completed reload, in  3.681 seconds
Platform modules already initialized, skipping
Registering precompiled user dll's ...
Registered in 0.006277 seconds.
Begin MonoManager ReloadAssembly
Native extension for LinuxStandalone target not found
Native extension for WindowsStandalone target not found
Native extension for OSXStandalone target not found
Native extension for WebGL target not found
Refreshing native plugins compatible for Editor in 0.60 ms, found 1 plugins.
Preloading 0 native plugins for Editor in 0.00 ms.
UnityIAP: [InitializeOnLoad] Facebook Check
UnityIAP: Runtime [2020.3.5f1]
UnityIAP: Current Build is iPhone:StandaloneOSX
UnityIAP: stub FacebookStore.dll disabled
Mono: successfully reloaded assembly
- Completed reload, in  1.227 seconds
Platform modules already initialized, skipping
========================================================================
Worker process is ready to serve import requests
Launching external process: /Volumes/Drive/Coding Software/Unity/2020.3.5f1/Unity.app/Contents/Tools/UnityShaderCompiler
Launched and connected shader compiler UnityShaderCompiler after 0.02 seconds
Refreshing native plugins compatible for Editor in 0.60 ms, found 1 plugins.
Preloading 0 native plugins for Editor in 0.00 ms.
Unloading 1312 Unused Serialized files (Serialized files now loaded: 0)
System memory in use before: 124.5 MB.
System memory in use after: 124.5 MB.

Unloading 58 unused Assets to reduce memory usage. Loaded Objects now: 1724.
Total: 8.590315 ms (FindLiveObjects: 0.259643 ms CreateObjectMapping: 0.065698 ms MarkObjects: 8.141682 ms  DeleteObjects: 0.121573 ms)

========================================================================
Received Import Request.
  path: Assets/Levels/Menu.unity
  artifactKey: Guid(cc5053e7d7d1d4f67a6560d5a2a615a3) Importer(815301076,1909f56bfc062723c751e8b465ee728b)
Start importing Assets/Levels/Menu.unity using Guid(cc5053e7d7d1d4f67a6560d5a2a615a3) Importer(815301076,1909f56bfc062723c751e8b465ee728b)  -> (artifact id: 'c1a22bf8d6cb7cbe3abe04bd4afdc90b') in 0.013695 seconds
  Import took 0.108953 seconds .

========================================================================
Received Prepare
Registering precompiled user dll's ...
Registered in 0.108330 seconds.
Begin MonoManager ReloadAssembly
Native extension for LinuxStandalone target not found
Native extension for WindowsStandalone target not found
Native extension for OSXStandalone target not found
Native extension for WebGL target not found
Refreshing native plugins compatible for Editor in 0.61 ms, found 1 plugins.
Preloading 0 native plugins for Editor in 0.00 ms.
UnityIAP: [InitializeOnLoad] Facebook Check
UnityIAP: Runtime [2020.3.5f1]
UnityIAP: Current Build is iPhone:iOS
UnityIAP: stub FacebookStore.dll disabled
Mono: successfully reloaded assembly
- Completed reload, in  1.298 seconds
Platform modules already initialized, skipping
Switching build target platform(2) subTarget(0) extendedPlatform(0) -> platform(9) subTarget(16777218) extendedPlatform(0)
Refreshing native plugins compatible for Editor in 0.72 ms, found 1 plugins.
Preloading 0 native plugins for Editor in 0.00 ms.
Unloading 1308 Unused Serialized files (Serialized files now loaded: 0)
System memory in use before: 123.9 MB.
System memory in use after: 124.0 MB.

Unloading 49 unused Assets to reduce memory usage. Loaded Objects now: 1727.
Total: 6.665449 ms (FindLiveObjects: 0.359315 ms CreateObjectMapping: 0.089020 ms MarkObjects: 6.182921 ms  DeleteObjects: 0.032411 ms)

AssetImportParameters requested are different than current active one (requested -> active):
  custom:graphics/normal-map-encoding: 01000000000000000000000000000000 -> 02000000000000000000000000000000
========================================================================
Received Prepare
Registering precompiled user dll's ...
Registered in 0.097755 seconds.
Begin MonoManager ReloadAssembly
Native extension for LinuxStandalone target not found
Native extension for WindowsStandalone target not found
Native extension for OSXStandalone target not found
Native extension for WebGL target not found
Refreshing native plugins compatible for Editor in 0.61 ms, found 1 plugins.
Preloading 0 native plugins for Editor in 0.00 ms.
UnityIAP: [InitializeOnLoad] Facebook Check
UnityIAP: Runtime [2020.3.5f1]
UnityIAP: Current Build is iPhone:iOS
UnityIAP: stub FacebookStore.dll disabled
Mono: successfully reloaded assembly
- Completed reload, in  1.418 seconds
Platform modules already initialized, skipping
Switching build target platform(2) subTarget(0) extendedPlatform(0) -> platform(9) subTarget(16777218) extendedPlatform(0)
Refreshing native plugins compatible for Editor in 0.82 ms, found 1 plugins.
Preloading 0 native plugins for Editor in 0.00 ms.
Unloading 1308 Unused Serialized files (Serialized files now loaded: 0)
System memory in use before: 124.1 MB.
System memory in use after: 124.2 MB.

Unloading 49 unused Assets to reduce memory usage. Loaded Objects now: 1730.
Total: 7.581389 ms (FindLiveObjects: 0.819416 ms CreateObjectMapping: 0.186716 ms MarkObjects: 6.533671 ms  DeleteObjects: 0.040145 ms)

AssetImportParameters requested are different than current active one (requested -> active):
  custom:graphics/normal-map-encoding: 01000000000000000000000000000000 -> 02000000000000000000000000000000
========================================================================
Received Prepare
Registering precompiled user dll's ...
Registered in 0.005881 seconds.
Begin MonoManager ReloadAssembly
Native extension for LinuxStandalone target not found
Native extension for WindowsStandalone target not found
Native extension for OSXStandalone target not found
Native extension for WebGL target not found
Refreshing native plugins compatible for Editor in 0.59 ms, found 1 plugins.
Preloading 0 native plugins for Editor in 0.00 ms.
UnityIAP: [InitializeOnLoad] Facebook Check
UnityIAP: Runtime [2020.3.5f1]
UnityIAP: Current Build is iPhone:iOS
UnityIAP: stub FacebookStore.dll disabled
Mono: successfully reloaded assembly
- Completed reload, in  1.127 seconds
Platform modules already initialized, skipping
Switching build target platform(2) subTarget(0) extendedPlatform(0) -> platform(9) subTarget(16777218) extendedPlatform(0)
Refreshing native plugins compatible for Editor in 0.52 ms, found 1 plugins.
Preloading 0 native plugins for Editor in 0.00 ms.
Unloading 1308 Unused Serialized files (Serialized files now loaded: 0)
System memory in use before: 124.3 MB.
System memory in use after: 124.4 MB.

Unloading 49 unused Assets to reduce memory usage. Loaded Objects now: 1733.
Total: 7.960454 ms (FindLiveObjects: 0.347500 ms CreateObjectMapping: 0.078703 ms MarkObjects: 7.496443 ms  DeleteObjects: 0.035869 ms)

AssetImportParameters requested are different than current active one (requested -> active):
  custom:graphics/normal-map-encoding: 01000000000000000000000000000000 -> 02000000000000000000000000000000
========================================================================
Received Prepare
Registering precompiled user dll's ...
Registered in 0.141443 seconds.
Begin MonoManager ReloadAssembly
Native extension for LinuxStandalone target not found
Native extension for WindowsStandalone target not found
Native extension for OSXStandalone target not found
Native extension for WebGL target not found
Refreshing native plugins compatible for Editor in 0.58 ms, found 1 plugins.
Preloading 0 native plugins for Editor in 0.00 ms.
UnityIAP: [InitializeOnLoad] Facebook Check
UnityIAP: Runtime [2020.3.5f1]
UnityIAP: Current Build is iPhone:iOS
UnityIAP: stub FacebookStore.dll disabled
Mono: successfully reloaded assembly
- Completed reload, in  1.226 seconds
Platform modules already initialized, skipping
Switching build target platform(2) subTarget(0) extendedPlatform(0) -> platform(9) subTarget(16777218) extendedPlatform(0)
Refreshing native plugins compatible for Editor in 0.73 ms, found 1 plugins.
Preloading 0 native plugins for Editor in 0.00 ms.
Unloading 1308 Unused Serialized files (Serialized files now loaded: 0)
System memory in use before: 124.5 MB.
System memory in use after: 124.6 MB.

Unloading 49 unused Assets to reduce memory usage. Loaded Objects now: 1736.
Total: 5.896095 ms (FindLiveObjects: 0.257926 ms CreateObjectMapping: 0.058164 ms MarkObjects: 5.540981 ms  DeleteObjects: 0.037456 ms)

AssetImportParameters requested are different than current active one (requested -> active):
  custom:graphics/normal-map-encoding: 01000000000000000000000000000000 -> 02000000000000000000000000000000
========================================================================
Received Prepare
Registering precompiled user dll's ...
Registered in 0.070406 seconds.
Begin MonoManager ReloadAssembly
Native extension for LinuxStandalone target not found
Native extension for WindowsStandalone target not found
Native extension for OSXStandalone target not found
Native extension for WebGL target not found
Refreshing native plugins compatible for Editor in 0.68 ms, found 1 plugins.
Preloading 0 native plugins for Editor in 0.00 ms.
UnityIAP: [InitializeOnLoad] Facebook Check
UnityIAP: Runtime [2020.3.5f1]
UnityIAP: Current Build is iPhone:iOS
UnityIAP: stub FacebookStore.dll disabled
Mono: successfully reloaded assembly
- Completed reload, in  1.284 seconds
Platform modules already initialized, skipping
Switching build target platform(2) subTarget(0) extendedPlatform(0) -> platform(9) subTarget(16777218) extendedPlatform(0)
Refreshing native plugins compatible for Editor in 0.63 ms, found 1 plugins.
Preloading 0 native plugins for Editor in 0.00 ms.
Unloading 1308 Unused Serialized files (Serialized files now loaded: 0)
System memory in use before: 124.7 MB.
System memory in use after: 124.8 MB.

Unloading 49 unused Assets to reduce memory usage. Loaded Objects now: 1739.
Total: 7.394579 ms (FindLiveObjects: 0.433021 ms CreateObjectMapping: 0.125134 ms MarkObjects: 6.795707 ms  DeleteObjects: 0.038047 ms)

AssetImportParameters requested are different than current active one (requested -> active):
  custom:graphics/normal-map-encoding: 01000000000000000000000000000000 -> 02000000000000000000000000000000
========================================================================
Received Import Request.
  Time since last request: 460.638841 seconds.
  path: Assets/Levels/End Credits.unity
  artifactKey: Guid(ba793004dca7e4b9980a6da1717a3ddf) Importer(815301076,1909f56bfc062723c751e8b465ee728b)
Start importing Assets/Levels/End Credits.unity using Guid(ba793004dca7e4b9980a6da1717a3ddf) Importer(815301076,1909f56bfc062723c751e8b465ee728b)  -> (artifact id: '43e98e957a310a3fd100a5075d6de991') in 0.428061 seconds
  Import took 0.469140 seconds .

========================================================================
Received Prepare
Registering precompiled user dll's ...
Registered in 0.132828 seconds.
Begin MonoManager ReloadAssembly
Native extension for LinuxStandalone target not found
Native extension for WindowsStandalone target not found
Native extension for OSXStandalone target not found
Native extension for WebGL target not found
Refreshing native plugins compatible for Editor in 0.62 ms, found 1 plugins.
Preloading 0 native plugins for Editor in 0.00 ms.
UnityIAP: [InitializeOnLoad] Facebook Check
UnityIAP: Runtime [2020.3.5f1]
UnityIAP: Current Build is iPhone:iOS
UnityIAP: stub FacebookStore.dll disabled
Mono: successfully reloaded assembly
- Completed reload, in  1.297 seconds
Platform modules already initialized, skipping
Switching build target platform(2) subTarget(0) extendedPlatform(0) -> platform(9) subTarget(16777218) extendedPlatform(0)
Refreshing native plugins compatible for Editor in 0.66 ms, found 1 plugins.
Preloading 0 native plugins for Editor in 0.00 ms.
Unloading 1308 Unused Serialized files (Serialized files now loaded: 0)
System memory in use before: 124.9 MB.
System memory in use after: 125.0 MB.

Unloading 49 unused Assets to reduce memory usage. Loaded Objects now: 1742.
Total: 7.685867 ms (FindLiveObjects: 0.444165 ms CreateObjectMapping: 0.072468 ms MarkObjects: 7.123317 ms  DeleteObjects: 0.042126 ms)

AssetImportParameters requested are different than current active one (requested -> active):
  custom:graphics/normal-map-encoding: 01000000000000000000000000000000 -> 02000000000000000000000000000000
========================================================================
Received Import Request.
  Time since last request: 472.862914 seconds.
  path: Assets/Levels/Floor DSettings.lighting
  artifactKey: Guid(fd2b501ccf9784ba7ad67933a9cbcf7d) Importer(815301076,1909f56bfc062723c751e8b465ee728b)
Start importing Assets/Levels/Floor DSettings.lighting using Guid(fd2b501ccf9784ba7ad67933a9cbcf7d) Importer(815301076,1909f56bfc062723c751e8b465ee728b) LightingSettings: switching bake backend from 1 to 0.
 -> (artifact id: 'dd8fbb3834e55d655aa99497a8257a23') in 1.189081 seconds
  Import took 1.222110 seconds .

========================================================================
Received Import Request.
  Time since last request: 0.000233 seconds.
  path: Assets/Levels/Floor E.unity
  artifactKey: Guid(fe83a68c34bc542af8d64ed8a8f54c8a) Importer(815301076,1909f56bfc062723c751e8b465ee728b)
Start importing Assets/Levels/Floor E.unity using Guid(fe83a68c34bc542af8d64ed8a8f54c8a) Importer(815301076,1909f56bfc062723c751e8b465ee728b)  -> (artifact id: 'd8a27876139acce631f54f588e4b5a82') in 0.011126 seconds
  Import took 0.037902 seconds .

========================================================================
Received Import Request.
  Time since last request: 58.546122 seconds.
  path: Assets/Levels/Menu.unity
  artifactKey: Guid(cc5053e7d7d1d4f67a6560d5a2a615a3) Importer(815301076,1909f56bfc062723c751e8b465ee728b)
Start importing Assets/Levels/Menu.unity using Guid(cc5053e7d7d1d4f67a6560d5a2a615a3) Importer(815301076,1909f56bfc062723c751e8b465ee728b)  -> (artifact id: '888a0f89e06c0551e94e8a2665509b38') in 0.231170 seconds
  Import took 0.260319 seconds .

========================================================================
Received Prepare
Registering precompiled user dll's ...
Registered in 0.199217 seconds.
Begin MonoManager ReloadAssembly
Native extension for LinuxStandalone target not found
Native extension for WindowsStandalone target not found
Native extension for OSXStandalone target not found
Native extension for WebGL target not found
Refreshing native plugins compatible for Editor in 0.76 ms, found 1 plugins.
Preloading 0 native plugins for Editor in 0.00 ms.
UnityIAP: [InitializeOnLoad] Facebook Check
UnityIAP: Runtime [2020.3.5f1]
UnityIAP: Current Build is iPhone:iOS
UnityIAP: stub FacebookStore.dll disabled
Mono: successfully reloaded assembly
- Completed reload, in  2.145 seconds
Platform modules already initialized, skipping
Switching build target platform(2) subTarget(0) extendedPlatform(0) -> platform(9) subTarget(16777218) extendedPlatform(0)
Refreshing native plugins compatible for Editor in 0.72 ms, found 1 plugins.
Preloading 0 native plugins for Editor in 0.00 ms.
Unloading 1308 Unused Serialized files (Serialized files now loaded: 0)
System memory in use before: 129.5 MB.
System memory in use after: 129.6 MB.

Unloading 49 unused Assets to reduce memory usage. Loaded Objects now: 1745.
Total: 7.001500 ms (FindLiveObjects: 0.376196 ms CreateObjectMapping: 0.196250 ms MarkObjects: 6.376520 ms  DeleteObjects: 0.050075 ms)

AssetImportParameters requested are different than current active one (requested -> active):
  custom:graphics/normal-map-encoding: 01000000000000000000000000000000 -> 02000000000000000000000000000000
========================================================================
Received Prepare
Registering precompiled user dll's ...
Registered in 0.153375 seconds.
Begin MonoManager ReloadAssembly
Native extension for LinuxStandalone target not found
Native extension for WindowsStandalone target not found
Native extension for OSXStandalone target not found
Native extension for WebGL target not found
Refreshing native plugins compatible for Editor in 0.57 ms, found 1 plugins.
Preloading 0 native plugins for Editor in 0.00 ms.
UnityIAP: [InitializeOnLoad] Facebook Check
UnityIAP: Runtime [2020.3.5f1]
UnityIAP: Current Build is iPhone:iOS
UnityIAP: stub FacebookStore.dll disabled
Mono: successfully reloaded assembly
- Completed reload, in  1.313 seconds
Platform modules already initialized, skipping
Switching build target platform(2) subTarget(0) extendedPlatform(0) -> platform(9) subTarget(16777218) extendedPlatform(0)
Refreshing native plugins compatible for Editor in 0.84 ms, found 1 plugins.
Preloading 0 native plugins for Editor in 0.00 ms.
Unloading 1308 Unused Serialized files (Serialized files now loaded: 0)
System memory in use before: 129.7 MB.
System memory in use after: 129.8 MB.

Unloading 49 unused Assets to reduce memory usage. Loaded Objects now: 1748.
Total: 6.073097 ms (FindLiveObjects: 0.353088 ms CreateObjectMapping: 0.079436 ms MarkObjects: 5.592413 ms  DeleteObjects: 0.045585 ms)

AssetImportParameters requested are different than current active one (requested -> active):
  custom:graphics/normal-map-encoding: 01000000000000000000000000000000 -> 02000000000000000000000000000000
========================================================================
Received Prepare
Registering precompiled user dll's ...
Registered in 0.005285 seconds.
Begin MonoManager ReloadAssembly
Native extension for LinuxStandalone target not found
Native extension for WindowsStandalone target not found
Native extension for OSXStandalone target not found
Native extension for WebGL target not found
Refreshing native plugins compatible for Editor in 0.80 ms, found 1 plugins.
Preloading 0 native plugins for Editor in 0.00 ms.
UnityIAP: [InitializeOnLoad] Facebook Check
UnityIAP: Runtime [2020.3.5f1]
UnityIAP: Current Build is iPhone:iOS
UnityIAP: stub FacebookStore.dll disabled
Mono: successfully reloaded assembly
- Completed reload, in  1.185 seconds
Platform modules already initialized, skipping
Switching build target platform(2) subTarget(0) extendedPlatform(0) -> platform(9) subTarget(16777218) extendedPlatform(0)
Refreshing native plugins compatible for Editor in 0.52 ms, found 1 plugins.
Preloading 0 native plugins for Editor in 0.00 ms.
Unloading 1308 Unused Serialized files (Serialized files now loaded: 0)
System memory in use before: 129.9 MB.
System memory in use after: 130.0 MB.

Unloading 49 unused Assets to reduce memory usage. Loaded Objects now: 1751.
Total: 6.404132 ms (FindLiveObjects: 0.367831 ms CreateObjectMapping: 0.091248 ms MarkObjects: 5.912027 ms  DeleteObjects: 0.031008 ms)

AssetImportParameters requested are different than current active one (requested -> active):
  custom:graphics/normal-map-encoding: 01000000000000000000000000000000 -> 02000000000000000000000000000000
========================================================================
Received Prepare
Registering precompiled user dll's ...
Registered in 0.167893 seconds.
Begin MonoManager ReloadAssembly
Native extension for LinuxStandalone target not found
Native extension for WindowsStandalone target not found
Native extension for OSXStandalone target not found
Native extension for WebGL target not found
Refreshing native plugins compatible for Editor in 0.62 ms, found 1 plugins.
Preloading 0 native plugins for Editor in 0.00 ms.
UnityIAP: [InitializeOnLoad] Facebook Check
UnityIAP: Runtime [2020.3.5f1]
UnityIAP: Current Build is iPhone:iOS
UnityIAP: stub FacebookStore.dll disabled
Mono: successfully reloaded assembly
- Completed reload, in  2.515 seconds
Platform modules already initialized, skipping
Switching build target platform(2) subTarget(0) extendedPlatform(0) -> platform(9) subTarget(16777218) extendedPlatform(0)
Refreshing native plugins compatible for Editor in 0.56 ms, found 1 plugins.
Preloading 0 native plugins for Editor in 0.00 ms.
Unloading 1308 Unused Serialized files (Serialized files now loaded: 0)
System memory in use before: 130.1 MB.
System memory in use after: 130.2 MB.

Unloading 49 unused Assets to reduce memory usage. Loaded Objects now: 1754.
Total: 5.013841 ms (FindLiveObjects: 0.226770 ms CreateObjectMapping: 0.052016 ms MarkObjects: 4.702836 ms  DeleteObjects: 0.030965 ms)

AssetImportParameters requested are different than current active one (requested -> active):
  custom:graphics/normal-map-encoding: 01000000000000000000000000000000 -> 02000000000000000000000000000000
========================================================================
Received Prepare
Registering precompiled user dll's ...
Registered in 0.166017 seconds.
Begin MonoManager ReloadAssembly
Native extension for LinuxStandalone target not found
Native extension for WindowsStandalone target not found
Native extension for OSXStandalone target not found
Native extension for WebGL target not found
Refreshing native plugins compatible for Editor in 0.58 ms, found 1 plugins.
Preloading 0 native plugins for Editor in 0.00 ms.
UnityIAP: [InitializeOnLoad] Facebook Check
UnityIAP: Runtime [2020.3.5f1]
UnityIAP: Current Build is iPhone:iOS
UnityIAP: stub FacebookStore.dll disabled
Mono: successfully reloaded assembly
- Completed reload, in  1.887 seconds
Platform modules already initialized, skipping
Switching build target platform(2) subTarget(0) extendedPlatform(0) -> platform(9) subTarget(16777218) extendedPlatform(0)
Refreshing native plugins compatible for Editor in 0.54 ms, found 1 plugins.
Preloading 0 native plugins for Editor in 0.00 ms.
Unloading 1308 Unused Serialized files (Serialized files now loaded: 0)
System memory in use before: 130.3 MB.
System memory in use after: 130.4 MB.

Unloading 49 unused Assets to reduce memory usage. Loaded Objects now: 1757.
Total: 4.912299 ms (FindLiveObjects: 0.193891 ms CreateObjectMapping: 0.043407 ms MarkObjects: 4.646341 ms  DeleteObjects: 0.027521 ms)

AssetImportParameters requested are different than current active one (requested -> active):
  custom:graphics/normal-map-encoding: 01000000000000000000000000000000 -> 02000000000000000000000000000000
========================================================================
Received Prepare
Registering precompiled user dll's ...
Registered in 0.058495 seconds.
Begin MonoManager ReloadAssembly
Native extension for LinuxStandalone target not found
Native extension for WindowsStandalone target not found
Native extension for OSXStandalone target not found
Native extension for WebGL target not found
Refreshing native plugins compatible for Editor in 0.57 ms, found 1 plugins.
Preloading 0 native plugins for Editor in 0.00 ms.
UnityIAP: [InitializeOnLoad] Facebook Check
UnityIAP: Runtime [2020.3.5f1]
UnityIAP: Current Build is iPhone:iOS
UnityIAP: stub FacebookStore.dll disabled
Mono: successfully reloaded assembly
- Completed reload, in  1.254 seconds
Platform modules already initialized, skipping
Switching build target platform(2) subTarget(0) extendedPlatform(0) -> platform(9) subTarget(16777218) extendedPlatform(0)
Refreshing native plugins compatible for Editor in 0.76 ms, found 1 plugins.
Preloading 0 native plugins for Editor in 0.00 ms.
Unloading 1308 Unused Serialized files (Serialized files now loaded: 0)
System memory in use before: 130.5 MB.
System memory in use after: 130.6 MB.

Unloading 49 unused Assets to reduce memory usage. Loaded Objects now: 1760.
Total: 6.038991 ms (FindLiveObjects: 0.326079 ms CreateObjectMapping: 0.080147 ms MarkObjects: 5.590090 ms  DeleteObjects: 0.041152 ms)

AssetImportParameters requested are different than current active one (requested -> active):
  custom:graphics/normal-map-encoding: 01000000000000000000000000000000 -> 02000000000000000000000000000000
========================================================================
Received Prepare
Registering precompiled user dll's ...
Registered in 0.052437 seconds.
Begin MonoManager ReloadAssembly
Native extension for LinuxStandalone target not found
Native extension for WindowsStandalone target not found
Native extension for OSXStandalone target not found
Native extension for WebGL target not found
Refreshing native plugins compatible for Editor in 0.60 ms, found 1 plugins.
Preloading 0 native plugins for Editor in 0.00 ms.
UnityIAP: [InitializeOnLoad] Facebook Check
UnityIAP: Runtime [2020.3.5f1]
UnityIAP: Current Build is iPhone:iOS
UnityIAP: stub FacebookStore.dll disabled
Mono: successfully reloaded assembly
- Completed reload, in  1.270 seconds
Platform modules already initialized, skipping
Switching build target platform(2) subTarget(0) extendedPlatform(0) -> platform(9) subTarget(16777218) extendedPlatform(0)
Refreshing native plugins compatible for Editor in 0.58 ms, found 1 plugins.
Preloading 0 native plugins for Editor in 0.00 ms.
Unloading 1308 Unused Serialized files (Serialized files now loaded: 0)
System memory in use before: 130.7 MB.
System memory in use after: 130.8 MB.

Unloading 49 unused Assets to reduce memory usage. Loaded Objects now: 1763.
Total: 5.039498 ms (FindLiveObjects: 0.242346 ms CreateObjectMapping: 0.048442 ms MarkObjects: 4.717157 ms  DeleteObjects: 0.030361 ms)

AssetImportParameters requested are different than current active one (requested -> active):
  custom:graphics/normal-map-encoding: 01000000000000000000000000000000 -> 02000000000000000000000000000000
========================================================================
Received Prepare
Registering precompiled user dll's ...
Registered in 0.309195 seconds.
Begin MonoManager ReloadAssembly
Native extension for LinuxStandalone target not found
Native extension for WindowsStandalone target not found
Native extension for OSXStandalone target not found
Native extension for WebGL target not found
Refreshing native plugins compatible for Editor in 0.59 ms, found 1 plugins.
Preloading 0 native plugins for Editor in 0.00 ms.
UnityIAP: [InitializeOnLoad] Facebook Check
UnityIAP: Runtime [2020.3.5f1]
UnityIAP: Current Build is iPhone:iOS
UnityIAP: stub FacebookStore.dll disabled
Mono: successfully reloaded assembly
- Completed reload, in  2.046 seconds
Platform modules already initialized, skipping
Switching build target platform(2) subTarget(0) extendedPlatform(0) -> platform(9) subTarget(16777218) extendedPlatform(0)
Refreshing native plugins compatible for Editor in 0.73 ms, found 1 plugins.
Preloading 0 native plugins for Editor in 0.00 ms.
Unloading 1308 Unused Serialized files (Serialized files now loaded: 0)
System memory in use before: 130.9 MB.
System memory in use after: 131.0 MB.

Unloading 49 unused Assets to reduce memory usage. Loaded Objects now: 1766.
Total: 7.255024 ms (FindLiveObjects: 0.476034 ms CreateObjectMapping: 0.103451 ms MarkObjects: 6.635946 ms  DeleteObjects: 0.037168 ms)

AssetImportParameters requested are different than current active one (requested -> active):
  custom:graphics/normal-map-encoding: 01000000000000000000000000000000 -> 02000000000000000000000000000000
========================================================================
Received Prepare
Registering precompiled user dll's ...
Registered in 0.214004 seconds.
Begin MonoManager ReloadAssembly
Native extension for LinuxStandalone target not found
Native extension for WindowsStandalone target not found
Native extension for OSXStandalone target not found
Native extension for WebGL target not found
Refreshing native plugins compatible for Editor in 0.58 ms, found 1 plugins.
Preloading 0 native plugins for Editor in 0.00 ms.
UnityIAP: [InitializeOnLoad] Facebook Check
UnityIAP: Runtime [2020.3.5f1]
UnityIAP: Current Build is iPhone:iOS
UnityIAP: stub FacebookStore.dll disabled
Mono: successfully reloaded assembly
- Completed reload, in  1.151 seconds
Platform modules already initialized, skipping
Switching build target platform(2) subTarget(0) extendedPlatform(0) -> platform(9) subTarget(16777218) extendedPlatform(0)
Refreshing native plugins compatible for Editor in 0.54 ms, found 1 plugins.
Preloading 0 native plugins for Editor in 0.00 ms.
Unloading 1308 Unused Serialized files (Serialized files now loaded: 0)
System memory in use before: 131.1 MB.
System memory in use after: 131.2 MB.

Unloading 49 unused Assets to reduce memory usage. Loaded Objects now: 1769.
Total: 5.337064 ms (FindLiveObjects: 0.247102 ms CreateObjectMapping: 0.044495 ms MarkObjects: 5.010460 ms  DeleteObjects: 0.033665 ms)

AssetImportParameters requested are different than current active one (requested -> active):
  custom:graphics/normal-map-encoding: 01000000000000000000000000000000 -> 02000000000000000000000000000000
========================================================================
Received Prepare
Registering precompiled user dll's ...
Registered in 0.160517 seconds.
Begin MonoManager ReloadAssembly
Native extension for LinuxStandalone target not found
Native extension for WindowsStandalone target not found
Native extension for OSXStandalone target not found
Native extension for WebGL target not found
Refreshing native plugins compatible for Editor in 0.56 ms, found 1 plugins.
Preloading 0 native plugins for Editor in 0.00 ms.
UnityIAP: [InitializeOnLoad] Facebook Check
UnityIAP: Runtime [2020.3.5f1]
UnityIAP: Current Build is iPhone:iOS
UnityIAP: stub FacebookStore.dll disabled
Mono: successfully reloaded assembly
- Completed reload, in  1.404 seconds
Platform modules already initialized, skipping
Switching build target platform(2) subTarget(0) extendedPlatform(0) -> platform(9) subTarget(16777218) extendedPlatform(0)
Refreshing native plugins compatible for Editor in 0.78 ms, found 1 plugins.
Preloading 0 native plugins for Editor in 0.00 ms.
Unloading 1308 Unused Serialized files (Serialized files now loaded: 0)
System memory in use before: 131.3 MB.
System memory in use after: 131.3 MB.

Unloading 49 unused Assets to reduce memory usage. Loaded Objects now: 1772.
Total: 6.982413 ms (FindLiveObjects: 0.354157 ms CreateObjectMapping: 0.078690 ms MarkObjects: 6.510965 ms  DeleteObjects: 0.036210 ms)

AssetImportParameters requested are different than current active one (requested -> active):
  custom:graphics/normal-map-encoding: 01000000000000000000000000000000 -> 02000000000000000000000000000000
========================================================================
Received Import Request.
  Time since last request: 1098.452798 seconds.
  path: Assets/Prefabs/Leadboard.prefab
  artifactKey: Guid(ee614fd13bc8c46d69ac3eaa72ea9e73) Importer(815301076,1909f56bfc062723c751e8b465ee728b)
Start importing Assets/Prefabs/Leadboard.prefab using Guid(ee614fd13bc8c46d69ac3eaa72ea9e73) Importer(815301076,1909f56bfc062723c751e8b465ee728b)  -> (artifact id: '0935c331f7631f1d38f47bc494896169') in 1.337913 seconds
  Import took 1.358183 seconds .

========================================================================
Received Import Request.
  Time since last request: 22.469134 seconds.
  path: Assets/Levels/End Credits.unity
  artifactKey: Guid(ba793004dca7e4b9980a6da1717a3ddf) Importer(815301076,1909f56bfc062723c751e8b465ee728b)
Start importing Assets/Levels/End Credits.unity using Guid(ba793004dca7e4b9980a6da1717a3ddf) Importer(815301076,1909f56bfc062723c751e8b465ee728b)  -> (artifact id: '8e648371bb2f41113c9555eae3190efd') in 0.022382 seconds
  Import took 0.049537 seconds .

========================================================================
Received Prepare
Registering precompiled user dll's ...
Registered in 0.060696 seconds.
Begin MonoManager ReloadAssembly
Native extension for LinuxStandalone target not found
Native extension for WindowsStandalone target not found
Native extension for OSXStandalone target not found
Native extension for WebGL target not found
Refreshing native plugins compatible for Editor in 0.56 ms, found 1 plugins.
Preloading 0 native plugins for Editor in 0.00 ms.
UnityIAP: [InitializeOnLoad] Facebook Check
UnityIAP: Runtime [2020.3.5f1]
UnityIAP: Current Build is iPhone:iOS
UnityIAP: stub FacebookStore.dll disabled
Mono: successfully reloaded assembly
- Completed reload, in  1.394 seconds
Platform modules already initialized, skipping
Switching build target platform(2) subTarget(0) extendedPlatform(0) -> platform(9) subTarget(16777218) extendedPlatform(0)
Refreshing native plugins compatible for Editor in 1.03 ms, found 1 plugins.
Preloading 0 native plugins for Editor in 0.00 ms.
Unloading 1308 Unused Serialized files (Serialized files now loaded: 0)
System memory in use before: 135.9 MB.
System memory in use after: 136.0 MB.

Unloading 49 unused Assets to reduce memory usage. Loaded Objects now: 1775.
Total: 6.966620 ms (FindLiveObjects: 0.376199 ms CreateObjectMapping: 0.112221 ms MarkObjects: 6.441610 ms  DeleteObjects: 0.034310 ms)

AssetImportParameters requested are different than current active one (requested -> active):
  custom:graphics/normal-map-encoding: 01000000000000000000000000000000 -> 02000000000000000000000000000000
========================================================================
Received Prepare
Registering precompiled user dll's ...
Registered in 0.050386 seconds.
Begin MonoManager ReloadAssembly
Native extension for LinuxStandalone target not found
Native extension for WindowsStandalone target not found
Native extension for OSXStandalone target not found
Native extension for WebGL target not found
Refreshing native plugins compatible for Editor in 0.59 ms, found 1 plugins.
Preloading 0 native plugins for Editor in 0.00 ms.
UnityIAP: [InitializeOnLoad] Facebook Check
UnityIAP: Runtime [2020.3.5f1]
UnityIAP: Current Build is iPhone:iOS
UnityIAP: stub FacebookStore.dll disabled
Mono: successfully reloaded assembly
- Completed reload, in  1.262 seconds
Platform modules already initialized, skipping
Switching build target platform(2) subTarget(0) extendedPlatform(0) -> platform(9) subTarget(16777218) extendedPlatform(0)
Refreshing native plugins compatible for Editor in 0.54 ms, found 1 plugins.
Preloading 0 native plugins for Editor in 0.00 ms.
Unloading 1308 Unused Serialized files (Serialized files now loaded: 0)
System memory in use before: 136.1 MB.
System memory in use after: 136.2 MB.

Unloading 49 unused Assets to reduce memory usage. Loaded Objects now: 1778.
Total: 5.041389 ms (FindLiveObjects: 0.292849 ms CreateObjectMapping: 0.059169 ms MarkObjects: 4.657773 ms  DeleteObjects: 0.030419 ms)

AssetImportParameters requested are different than current active one (requested -> active):
  custom:graphics/normal-map-encoding: 01000000000000000000000000000000 -> 02000000000000000000000000000000
========================================================================
Received Prepare
Registering precompiled user dll's ...
Registered in 0.004460 seconds.
Begin MonoManager ReloadAssembly
Native extension for LinuxStandalone target not found
Native extension for WindowsStandalone target not found
Native extension for OSXStandalone target not found
Native extension for WebGL target not found
Refreshing native plugins compatible for Editor in 1.11 ms, found 1 plugins.
Preloading 0 native plugins for Editor in 0.00 ms.
UnityIAP: [InitializeOnLoad] Facebook Check
UnityIAP: Runtime [2020.3.5f1]
UnityIAP: Current Build is iPhone:iOS
UnityIAP: stub FacebookStore.dll disabled
Mono: successfully reloaded assembly
- Completed reload, in  1.296 seconds
Platform modules already initialized, skipping
Switching build target platform(2) subTarget(0) extendedPlatform(0) -> platform(9) subTarget(16777218) extendedPlatform(0)
Refreshing native plugins compatible for Editor in 0.59 ms, found 1 plugins.
Preloading 0 native plugins for Editor in 0.00 ms.
Unloading 1308 Unused Serialized files (Serialized files now loaded: 0)
System memory in use before: 136.3 MB.
System memory in use after: 136.4 MB.

Unloading 49 unused Assets to reduce memory usage. Loaded Objects now: 1781.
Total: 6.816821 ms (FindLiveObjects: 0.163139 ms CreateObjectMapping: 0.042131 ms MarkObjects: 6.576345 ms  DeleteObjects: 0.034034 ms)

AssetImportParameters requested are different than current active one (requested -> active):
  custom:graphics/normal-map-encoding: 01000000000000000000000000000000 -> 02000000000000000000000000000000
========================================================================
Received Import Request.
  Time since last request: 356.030004 seconds.
  path: Assets/Levels/Menu.unity
  artifactKey: Guid(cc5053e7d7d1d4f67a6560d5a2a615a3) Importer(815301076,1909f56bfc062723c751e8b465ee728b)
Start importing Assets/Levels/Menu.unity using Guid(cc5053e7d7d1d4f67a6560d5a2a615a3) Importer(815301076,1909f56bfc062723c751e8b465ee728b)  -> (artifact id: '1c4d1cce4a72b8a8b98d62ef80844787') in 0.023732 seconds
  Import took 0.125544 seconds .

========================================================================
Received Prepare
Registering precompiled user dll's ...
Registered in 0.176545 seconds.
Begin MonoManager ReloadAssembly
Native extension for LinuxStandalone target not found
Native extension for WindowsStandalone target not found
Native extension for OSXStandalone target not found
Native extension for WebGL target not found
Refreshing native plugins compatible for Editor in 0.59 ms, found 1 plugins.
Preloading 0 native plugins for Editor in 0.00 ms.
UnityIAP: [InitializeOnLoad] Facebook Check
UnityIAP: Runtime [2020.3.5f1]
UnityIAP: Current Build is iPhone:iOS
UnityIAP: stub FacebookStore.dll disabled
Mono: successfully reloaded assembly
- Completed reload, in  1.361 seconds
Platform modules already initialized, skipping
Switching build target platform(2) subTarget(0) extendedPlatform(0) -> platform(9) subTarget(16777218) extendedPlatform(0)
Refreshing native plugins compatible for Editor in 0.55 ms, found 1 plugins.
Preloading 0 native plugins for Editor in 0.00 ms.
Unloading 1308 Unused Serialized files (Serialized files now loaded: 0)
System memory in use before: 136.5 MB.
System memory in use after: 136.6 MB.

Unloading 49 unused Assets to reduce memory usage. Loaded Objects now: 1784.
Total: 5.488524 ms (FindLiveObjects: 0.304833 ms CreateObjectMapping: 0.051930 ms MarkObjects: 5.091621 ms  DeleteObjects: 0.038687 ms)

AssetImportParameters requested are different than current active one (requested -> active):
  custom:graphics/normal-map-encoding: 01000000000000000000000000000000 -> 02000000000000000000000000000000
========================================================================
Received Prepare
Registering precompiled user dll's ...
Registered in 0.443020 seconds.
Begin MonoManager ReloadAssembly
Native extension for LinuxStandalone target not found
Native extension for WindowsStandalone target not found
Native extension for OSXStandalone target not found
Native extension for WebGL target not found
Refreshing native plugins compatible for Editor in 0.75 ms, found 1 plugins.
Preloading 0 native plugins for Editor in 0.00 ms.
UnityIAP: [InitializeOnLoad] Facebook Check
UnityIAP: Runtime [2020.3.5f1]
UnityIAP: Current Build is iPhone:iOS
UnityIAP: stub FacebookStore.dll disabled
Mono: successfully reloaded assembly
- Completed reload, in  1.368 seconds
Platform modules already initialized, skipping
Switching build target platform(2) subTarget(0) extendedPlatform(0) -> platform(9) subTarget(16777218) extendedPlatform(0)
Refreshing native plugins compatible for Editor in 0.57 ms, found 1 plugins.
Preloading 0 native plugins for Editor in 0.00 ms.
Unloading 1308 Unused Serialized files (Serialized files now loaded: 0)
System memory in use before: 136.7 MB.
System memory in use after: 136.8 MB.

Unloading 49 unused Assets to reduce memory usage. Loaded Objects now: 1787.
Total: 5.513561 ms (FindLiveObjects: 0.389664 ms CreateObjectMapping: 0.072313 ms MarkObjects: 5.017077 ms  DeleteObjects: 0.032933 ms)

AssetImportParameters requested are different than current active one (requested -> active):
  custom:graphics/normal-map-encoding: 01000000000000000000000000000000 -> 02000000000000000000000000000000
========================================================================
Received Import Request.
  Time since last request: 143.072003 seconds.
  path: Assets/Levels/End Credits.unity
  artifactKey: Guid(ba793004dca7e4b9980a6da1717a3ddf) Importer(815301076,1909f56bfc062723c751e8b465ee728b)
Start importing Assets/Levels/End Credits.unity using Guid(ba793004dca7e4b9980a6da1717a3ddf) Importer(815301076,1909f56bfc062723c751e8b465ee728b)  -> (artifact id: 'a0ffafb21e89cb24263da663fd6fef38') in 0.036106 seconds
  Import took 0.039502 seconds .

========================================================================
Received Prepare
Registering precompiled user dll's ...
Registered in 0.168008 seconds.
Begin MonoManager ReloadAssembly
Native extension for LinuxStandalone target not found
Native extension for WindowsStandalone target not found
Native extension for OSXStandalone target not found
Native extension for WebGL target not found
Refreshing native plugins compatible for Editor in 0.62 ms, found 1 plugins.
Preloading 0 native plugins for Editor in 0.00 ms.
UnityIAP: [InitializeOnLoad] Facebook Check
UnityIAP: Runtime [2020.3.5f1]
UnityIAP: Current Build is iPhone:iOS
UnityIAP: stub FacebookStore.dll disabled
Mono: successfully reloaded assembly
- Completed reload, in  1.137 seconds
Platform modules already initialized, skipping
Switching build target platform(2) subTarget(0) extendedPlatform(0) -> platform(9) subTarget(16777218) extendedPlatform(0)
Refreshing native plugins compatible for Editor in 0.70 ms, found 1 plugins.
Preloading 0 native plugins for Editor in 0.00 ms.
Unloading 1308 Unused Serialized files (Serialized files now loaded: 0)
System memory in use before: 136.9 MB.
System memory in use after: 137.0 MB.

Unloading 49 unused Assets to reduce memory usage. Loaded Objects now: 1790.
Total: 6.743585 ms (FindLiveObjects: 0.564033 ms CreateObjectMapping: 0.129987 ms MarkObjects: 6.014918 ms  DeleteObjects: 0.032455 ms)

AssetImportParameters requested are different than current active one (requested -> active):
  custom:graphics/normal-map-encoding: 01000000000000000000000000000000 -> 02000000000000000000000000000000
========================================================================
Received Prepare
Registering precompiled user dll's ...
Registered in 0.077052 seconds.
Begin MonoManager ReloadAssembly
Native extension for LinuxStandalone target not found
Native extension for WindowsStandalone target not found
Native extension for OSXStandalone target not found
Native extension for WebGL target not found
Refreshing native plugins compatible for Editor in 0.62 ms, found 1 plugins.
Preloading 0 native plugins for Editor in 0.00 ms.
UnityIAP: [InitializeOnLoad] Facebook Check
UnityIAP: Runtime [2020.3.5f1]
UnityIAP: Current Build is iPhone:iOS
UnityIAP: stub FacebookStore.dll disabled
Mono: successfully reloaded assembly
- Completed reload, in  1.314 seconds
Platform modules already initialized, skipping
Switching build target platform(2) subTarget(0) extendedPlatform(0) -> platform(9) subTarget(16777218) extendedPlatform(0)
Refreshing native plugins compatible for Editor in 0.56 ms, found 1 plugins.
Preloading 0 native plugins for Editor in 0.00 ms.
Unloading 1308 Unused Serialized files (Serialized files now loaded: 0)
System memory in use before: 137.1 MB.
System memory in use after: 137.2 MB.

Unloading 49 unused Assets to reduce memory usage. Loaded Objects now: 1793.
Total: 6.826953 ms (FindLiveObjects: 0.358972 ms CreateObjectMapping: 0.089845 ms MarkObjects: 6.342591 ms  DeleteObjects: 0.033117 ms)

AssetImportParameters requested are different than current active one (requested -> active):
  custom:graphics/normal-map-encoding: 01000000000000000000000000000000 -> 02000000000000000000000000000000
========================================================================
Received Import Request.
  Time since last request: 168.498541 seconds.
  path: Assets/Levels/Menu.unity
  artifactKey: Guid(cc5053e7d7d1d4f67a6560d5a2a615a3) Importer(815301076,1909f56bfc062723c751e8b465ee728b)
Start importing Assets/Levels/Menu.unity using Guid(cc5053e7d7d1d4f67a6560d5a2a615a3) Importer(815301076,1909f56bfc062723c751e8b465ee728b)  -> (artifact id: '201eff487c55c4053edb6570f2aed766') in 0.020786 seconds
  Import took 0.023950 seconds .

========================================================================
Received Import Request.
  Time since last request: 63.289228 seconds.
  path: Assets/Art/Jail Run iOS icon.png
  artifactKey: Guid(3c490d8fc99b64b698ef83dddd4ff896) Importer(815301076,1909f56bfc062723c751e8b465ee728b)
Start importing Assets/Art/Jail Run iOS icon.png using Guid(3c490d8fc99b64b698ef83dddd4ff896) Importer(815301076,1909f56bfc062723c751e8b465ee728b)  -> (artifact id: 'dd95fff6de0a0364577be21777713d15') in 1.672410 seconds
  Import took 1.722907 seconds .

========================================================================
Received Import Request.
  Time since last request: 0.000360 seconds.
  path: Assets/Plugins/UnityPurchasing/Icons/LinkBlack.png
  artifactKey: Guid(33d3dd2c39dfd49a3b2d36b20225624a) Importer(815301076,1909f56bfc062723c751e8b465ee728b)
Start importing Assets/Plugins/UnityPurchasing/Icons/LinkBlack.png using Guid(33d3dd2c39dfd49a3b2d36b20225624a) Importer(815301076,1909f56bfc062723c751e8b465ee728b)  -> (artifact id: 'f38ab75bafcf4963c50dee52a01f68a4') in 0.163745 seconds
  Import took 0.166948 seconds .

========================================================================
Received Import Request.
  Time since last request: 0.000463 seconds.
  path: Assets/Plugins/UnityPurchasing/Icons/LinkWhite.png
  artifactKey: Guid(e679a29ca22bc4fa0bd848bd79a42b79) Importer(815301076,1909f56bfc062723c751e8b465ee728b)
Start importing Assets/Plugins/UnityPurchasing/Icons/LinkWhite.png using Guid(e679a29ca22bc4fa0bd848bd79a42b79) Importer(815301076,1909f56bfc062723c751e8b465ee728b)  -> (artifact id: '759f51943b8be5f62f205705dc9587f7') in 0.034522 seconds
  Import took 0.037863 seconds .

========================================================================
Received Prepare
Registering precompiled user dll's ...
Registered in 0.343525 seconds.
Begin MonoManager ReloadAssembly
Native extension for LinuxStandalone target not found
Native extension for WindowsStandalone target not found
Native extension for OSXStandalone target not found
Native extension for WebGL target not found
Refreshing native plugins compatible for Editor in 0.94 ms, found 1 plugins.
Preloading 0 native plugins for Editor in 0.00 ms.
UnityIAP: [InitializeOnLoad] Facebook Check
UnityIAP: Runtime [2020.3.5f1]
UnityIAP: Current Build is Standalone:iOS
UnityIAP: stub FacebookStore.dll disabled
Mono: successfully reloaded assembly
- Completed reload, in  3.979 seconds
Platform modules already initialized, skipping
Switching build target platform(2) subTarget(0) extendedPlatform(0) -> platform(9) subTarget(16777218) extendedPlatform(0)
Refreshing native plugins compatible for Editor in 0.92 ms, found 1 plugins.
Preloading 0 native plugins for Editor in 0.00 ms.
Unloading 1308 Unused Serialized files (Serialized files now loaded: 0)
System memory in use before: 141.6 MB.
System memory in use after: 141.7 MB.

Unloading 49 unused Assets to reduce memory usage. Loaded Objects now: 1799.
Total: 8.855349 ms (FindLiveObjects: 0.580683 ms CreateObjectMapping: 0.203743 ms MarkObjects: 8.026580 ms  DeleteObjects: 0.042761 ms)

AssetImportParameters requested are different than current active one (requested -> active):
  custom:graphics/normal-map-encoding: 01000000000000000000000000000000 -> 02000000000000000000000000000000
========================================================================
Received Prepare
Registering precompiled user dll's ...
Registered in 0.081887 seconds.
Begin MonoManager ReloadAssembly
Native extension for LinuxStandalone target not found
Native extension for WindowsStandalone target not found
Native extension for OSXStandalone target not found
Native extension for WebGL target not found
Refreshing native plugins compatible for Editor in 0.82 ms, found 1 plugins.
Preloading 0 native plugins for Editor in 0.00 ms.
UnityIAP: [InitializeOnLoad] Facebook Check
UnityIAP: Runtime [2020.3.5f1]
UnityIAP: Current Build is Standalone:iOS
UnityIAP: stub FacebookStore.dll disabled
Mono: successfully reloaded assembly
- Completed reload, in  2.058 seconds
Platform modules already initialized, skipping
Switching build target platform(2) subTarget(0) extendedPlatform(0) -> platform(9) subTarget(16777218) extendedPlatform(0)
Refreshing native plugins compatible for Editor in 0.73 ms, found 1 plugins.
Preloading 0 native plugins for Editor in 0.00 ms.
Unloading 1308 Unused Serialized files (Serialized files now loaded: 0)
System memory in use before: 141.9 MB.
System memory in use after: 141.9 MB.

Unloading 49 unused Assets to reduce memory usage. Loaded Objects now: 1802.
Total: 6.919329 ms (FindLiveObjects: 0.291830 ms CreateObjectMapping: 0.105026 ms MarkObjects: 6.475095 ms  DeleteObjects: 0.045687 ms)

AssetImportParameters requested are different than current active one (requested -> active):
  custom:graphics/normal-map-encoding: 01000000000000000000000000000000 -> 02000000000000000000000000000000
========================================================================
Received Prepare
Registering precompiled user dll's ...
Registered in 0.259586 seconds.
Begin MonoManager ReloadAssembly
Native extension for LinuxStandalone target not found
Native extension for WindowsStandalone target not found
Native extension for OSXStandalone target not found
Native extension for WebGL target not found
Refreshing native plugins compatible for Editor in 0.95 ms, found 1 plugins.
Preloading 0 native plugins for Editor in 0.00 ms.
UnityIAP: [InitializeOnLoad] Facebook Check
UnityIAP: Runtime [2020.3.5f1]
UnityIAP: Current Build is iPhone:iOS
UnityIAP: stub FacebookStore.dll disabled
Mono: successfully reloaded assembly
- Completed reload, in  2.427 seconds
Platform modules already initialized, skipping
Switching build target platform(2) subTarget(0) extendedPlatform(0) -> platform(9) subTarget(16777218) extendedPlatform(0)
Refreshing native plugins compatible for Editor in 0.72 ms, found 1 plugins.
Preloading 0 native plugins for Editor in 0.00 ms.
Unloading 1308 Unused Serialized files (Serialized files now loaded: 0)
System memory in use before: 142.0 MB.
System memory in use after: 142.1 MB.

Unloading 49 unused Assets to reduce memory usage. Loaded Objects now: 1805.
Total: 7.678093 ms (FindLiveObjects: 0.517271 ms CreateObjectMapping: 0.117146 ms MarkObjects: 6.983497 ms  DeleteObjects: 0.056763 ms)

AssetImportParameters requested are different than current active one (requested -> active):
  custom:graphics/normal-map-encoding: 01000000000000000000000000000000 -> 02000000000000000000000000000000
========================================================================
Received Prepare
Registering precompiled user dll's ...
Registered in 0.004778 seconds.
Begin MonoManager ReloadAssembly
Native extension for LinuxStandalone target not found
Native extension for WindowsStandalone target not found
Native extension for OSXStandalone target not found
Native extension for WebGL target not found
Refreshing native plugins compatible for Editor in 0.56 ms, found 1 plugins.
Preloading 0 native plugins for Editor in 0.00 ms.
UnityIAP: [InitializeOnLoad] Facebook Check
UnityIAP: Runtime [2020.3.5f1]
UnityIAP: Current Build is iPhone:iOS
UnityIAP: stub FacebookStore.dll disabled
Mono: successfully reloaded assembly
- Completed reload, in  1.151 seconds
Platform modules already initialized, skipping
Switching build target platform(2) subTarget(0) extendedPlatform(0) -> platform(9) subTarget(16777218) extendedPlatform(0)
Refreshing native plugins compatible for Editor in 0.86 ms, found 1 plugins.
Preloading 0 native plugins for Editor in 0.00 ms.
Unloading 1308 Unused Serialized files (Serialized files now loaded: 0)
System memory in use before: 142.2 MB.
System memory in use after: 142.3 MB.

Unloading 49 unused Assets to reduce memory usage. Loaded Objects now: 1808.
Total: 6.428901 ms (FindLiveObjects: 0.401781 ms CreateObjectMapping: 0.114995 ms MarkObjects: 5.874646 ms  DeleteObjects: 0.035031 ms)

AssetImportParameters requested are different than current active one (requested -> active):
  custom:graphics/normal-map-encoding: 01000000000000000000000000000000 -> 02000000000000000000000000000000
========================================================================
Received Import Request.
  Time since last request: 1337.979389 seconds.
  path: Assets/Levels/End Credits.unity
  artifactKey: Guid(ba793004dca7e4b9980a6da1717a3ddf) Importer(815301076,1909f56bfc062723c751e8b465ee728b)
Start importing Assets/Levels/End Credits.unity using Guid(ba793004dca7e4b9980a6da1717a3ddf) Importer(815301076,1909f56bfc062723c751e8b465ee728b)  -> (artifact id: 'f5c2f78dbd74470f689731f71d30eb3e') in 0.044620 seconds
  Import took 0.073866 seconds .

========================================================================
Received Import Request.
  Time since last request: 3.406219 seconds.
  path: Assets/Levels/Menu.unity
  artifactKey: Guid(cc5053e7d7d1d4f67a6560d5a2a615a3) Importer(815301076,1909f56bfc062723c751e8b465ee728b)
Start importing Assets/Levels/Menu.unity using Guid(cc5053e7d7d1d4f67a6560d5a2a615a3) Importer(815301076,1909f56bfc062723c751e8b465ee728b)  -> (artifact id: '6322c4b30b86ddca82a6d2247b6af11a') in 0.007621 seconds
  Import took 0.039347 seconds .

========================================================================
Received Prepare
Registering precompiled user dll's ...
Registered in 0.133998 seconds.
Begin MonoManager ReloadAssembly
Native extension for LinuxStandalone target not found
Native extension for WindowsStandalone target not found
Native extension for OSXStandalone target not found
Native extension for WebGL target not found
Refreshing native plugins compatible for Editor in 0.72 ms, found 1 plugins.
Preloading 0 native plugins for Editor in 0.00 ms.
UnityIAP: [InitializeOnLoad] Facebook Check
UnityIAP: Runtime [2020.3.5f1]
UnityIAP: Current Build is iPhone:iOS
UnityIAP: stub FacebookStore.dll disabled
Mono: successfully reloaded assembly
- Completed reload, in  1.562 seconds
Platform modules already initialized, skipping
Switching build target platform(2) subTarget(0) extendedPlatform(0) -> platform(9) subTarget(16777218) extendedPlatform(0)
Refreshing native plugins compatible for Editor in 0.99 ms, found 1 plugins.
Preloading 0 native plugins for Editor in 0.00 ms.
Unloading 1308 Unused Serialized files (Serialized files now loaded: 0)
System memory in use before: 142.6 MB.
System memory in use after: 142.6 MB.

Unloading 49 unused Assets to reduce memory usage. Loaded Objects now: 1811.
Total: 5.747444 ms (FindLiveObjects: 0.274103 ms CreateObjectMapping: 0.046551 ms MarkObjects: 5.381750 ms  DeleteObjects: 0.043315 ms)

AssetImportParameters requested are different than current active one (requested -> active):
  custom:graphics/normal-map-encoding: 01000000000000000000000000000000 -> 02000000000000000000000000000000
========================================================================
Received Prepare
Registering precompiled user dll's ...
Registered in 0.005838 seconds.
Begin MonoManager ReloadAssembly
Native extension for LinuxStandalone target not found
Native extension for WindowsStandalone target not found
Native extension for OSXStandalone target not found
Native extension for WebGL target not found
Refreshing native plugins compatible for Editor in 0.80 ms, found 1 plugins.
Preloading 0 native plugins for Editor in 0.00 ms.
UnityIAP: [InitializeOnLoad] Facebook Check
UnityIAP: Runtime [2020.3.5f1]
UnityIAP: Current Build is iPhone:iOS
UnityIAP: stub FacebookStore.dll disabled
Mono: successfully reloaded assembly
- Completed reload, in  1.456 seconds
Platform modules already initialized, skipping
Switching build target platform(2) subTarget(0) extendedPlatform(0) -> platform(9) subTarget(16777218) extendedPlatform(0)
Refreshing native plugins compatible for Editor in 0.53 ms, found 1 plugins.
Preloading 0 native plugins for Editor in 0.00 ms.
Unloading 1308 Unused Serialized files (Serialized files now loaded: 0)
System memory in use before: 142.8 MB.
System memory in use after: 142.9 MB.

Unloading 49 unused Assets to reduce memory usage. Loaded Objects now: 1814.
Total: 5.806111 ms (FindLiveObjects: 0.242626 ms CreateObjectMapping: 0.053527 ms MarkObjects: 5.480185 ms  DeleteObjects: 0.028048 ms)

AssetImportParameters requested are different than current active one (requested -> active):
  custom:graphics/normal-map-encoding: 01000000000000000000000000000000 -> 02000000000000000000000000000000
========================================================================
Received Prepare
Refreshing native plugins compatible for Editor in 348.71 ms, found 1 plugins.
Preloading 0 native plugins for Editor in 0.00 ms.
Unloading 48 Unused Serialized files (Serialized files now loaded: 0)
System memory in use before: 118.7 MB.
System memory in use after: 118.8 MB.

Unloading 47 unused Assets to reduce memory usage. Loaded Objects now: 1814.
Total: 6.596445 ms (FindLiveObjects: 0.259177 ms CreateObjectMapping: 0.047219 ms MarkObjects: 6.249590 ms  DeleteObjects: 0.038294 ms)

========================================================================
Received Prepare
Registering precompiled user dll's ...
Registered in 0.107349 seconds.
Begin MonoManager ReloadAssembly
Native extension for LinuxStandalone target not found
Native extension for WindowsStandalone target not found
Native extension for OSXStandalone target not found
Native extension for WebGL target not found
Refreshing native plugins compatible for Editor in 0.59 ms, found 1 plugins.
Preloading 0 native plugins for Editor in 0.00 ms.
UnityIAP: [InitializeOnLoad] Facebook Check
UnityIAP: Runtime [2020.3.5f1]
UnityIAP: Current Build is iPhone:iOS
UnityIAP: stub FacebookStore.dll disabled
Mono: successfully reloaded assembly
- Completed reload, in  2.579 seconds
Platform modules already initialized, skipping
Switching build target platform(2) subTarget(0) extendedPlatform(0) -> platform(9) subTarget(16777218) extendedPlatform(0)
Refreshing native plugins compatible for Editor in 0.90 ms, found 1 plugins.
Preloading 0 native plugins for Editor in 0.00 ms.
Unloading 1308 Unused Serialized files (Serialized files now loaded: 0)
System memory in use before: 143.1 MB.
System memory in use after: 143.2 MB.

Unloading 49 unused Assets to reduce memory usage. Loaded Objects now: 1817.
Total: 9.516512 ms (FindLiveObjects: 0.433698 ms CreateObjectMapping: 0.107231 ms MarkObjects: 8.914777 ms  DeleteObjects: 0.059157 ms)

AssetImportParameters requested are different than current active one (requested -> active):
  custom:graphics/normal-map-encoding: 01000000000000000000000000000000 -> 02000000000000000000000000000000
========================================================================
Received Prepare
Registering precompiled user dll's ...
Registered in 0.028374 seconds.
Begin MonoManager ReloadAssembly
Native extension for LinuxStandalone target not found
Native extension for WindowsStandalone target not found
Native extension for OSXStandalone target not found
Native extension for WebGL target not found
Refreshing native plugins compatible for Editor in 0.67 ms, found 1 plugins.
Preloading 0 native plugins for Editor in 0.00 ms.
UnityIAP: [InitializeOnLoad] Facebook Check
UnityIAP: Runtime [2020.3.5f1]
UnityIAP: Current Build is iPhone:iOS
UnityIAP: stub FacebookStore.dll disabled
Mono: successfully reloaded assembly
- Completed reload, in  1.425 seconds
Platform modules already initialized, skipping
Switching build target platform(2) subTarget(0) extendedPlatform(0) -> platform(9) subTarget(16777218) extendedPlatform(0)
Refreshing native plugins compatible for Editor in 0.72 ms, found 1 plugins.
Preloading 0 native plugins for Editor in 0.00 ms.
Unloading 1308 Unused Serialized files (Serialized files now loaded: 0)
System memory in use before: 143.3 MB.
System memory in use after: 143.4 MB.

Unloading 49 unused Assets to reduce memory usage. Loaded Objects now: 1820.
Total: 6.822928 ms (FindLiveObjects: 0.343159 ms CreateObjectMapping: 0.064078 ms MarkObjects: 6.379403 ms  DeleteObjects: 0.033748 ms)

AssetImportParameters requested are different than current active one (requested -> active):
  custom:graphics/normal-map-encoding: 01000000000000000000000000000000 -> 02000000000000000000000000000000
========================================================================
Received Prepare
Registering precompiled user dll's ...
Registered in 0.137104 seconds.
Begin MonoManager ReloadAssembly
Native extension for LinuxStandalone target not found
Native extension for WindowsStandalone target not found
Native extension for OSXStandalone target not found
Native extension for WebGL target not found
Refreshing native plugins compatible for Editor in 0.78 ms, found 1 plugins.
Preloading 0 native plugins for Editor in 0.00 ms.
UnityIAP: [InitializeOnLoad] Facebook Check
UnityIAP: Runtime [2020.3.5f1]
UnityIAP: Current Build is iPhone:iOS
UnityIAP: stub FacebookStore.dll disabled
Mono: successfully reloaded assembly
- Completed reload, in  1.317 seconds
Platform modules already initialized, skipping
Switching build target platform(2) subTarget(0) extendedPlatform(0) -> platform(9) subTarget(16777218) extendedPlatform(0)
Refreshing native plugins compatible for Editor in 0.58 ms, found 1 plugins.
Preloading 0 native plugins for Editor in 0.00 ms.
Unloading 1308 Unused Serialized files (Serialized files now loaded: 0)
System memory in use before: 143.5 MB.
System memory in use after: 143.6 MB.

Unloading 49 unused Assets to reduce memory usage. Loaded Objects now: 1823.
Total: 5.470974 ms (FindLiveObjects: 0.269625 ms CreateObjectMapping: 0.074255 ms MarkObjects: 5.087888 ms  DeleteObjects: 0.037393 ms)

AssetImportParameters requested are different than current active one (requested -> active):
  custom:graphics/normal-map-encoding: 01000000000000000000000000000000 -> 02000000000000000000000000000000
========================================================================
Received Prepare
Registering precompiled user dll's ...
Registered in 0.080569 seconds.
Begin MonoManager ReloadAssembly
Native extension for LinuxStandalone target not found
Native extension for WindowsStandalone target not found
Native extension for OSXStandalone target not found
Native extension for WebGL target not found
Refreshing native plugins compatible for Editor in 0.60 ms, found 1 plugins.
Preloading 0 native plugins for Editor in 0.00 ms.
UnityIAP: [InitializeOnLoad] Facebook Check
UnityIAP: Runtime [2020.3.5f1]
UnityIAP: Current Build is iPhone:iOS
UnityIAP: stub FacebookStore.dll disabled
Mono: successfully reloaded assembly
- Completed reload, in  2.222 seconds
Platform modules already initialized, skipping
Switching build target platform(2) subTarget(0) extendedPlatform(0) -> platform(9) subTarget(16777218) extendedPlatform(0)
Refreshing native plugins compatible for Editor in 0.59 ms, found 1 plugins.
Preloading 0 native plugins for Editor in 0.00 ms.
Unloading 1308 Unused Serialized files (Serialized files now loaded: 0)
System memory in use before: 143.7 MB.
System memory in use after: 143.8 MB.

Unloading 49 unused Assets to reduce memory usage. Loaded Objects now: 1826.
Total: 5.015738 ms (FindLiveObjects: 0.198263 ms CreateObjectMapping: 0.042279 ms MarkObjects: 4.745497 ms  DeleteObjects: 0.028330 ms)

AssetImportParameters requested are different than current active one (requested -> active):
  custom:graphics/normal-map-encoding: 01000000000000000000000000000000 -> 02000000000000000000000000000000
========================================================================
Received Prepare
Registering precompiled user dll's ...
Registered in 0.021844 seconds.
Begin MonoManager ReloadAssembly
Native extension for LinuxStandalone target not found
Native extension for WindowsStandalone target not found
Native extension for OSXStandalone target not found
Native extension for WebGL target not found
Refreshing native plugins compatible for Editor in 0.71 ms, found 1 plugins.
Preloading 0 native plugins for Editor in 0.00 ms.
UnityIAP: [InitializeOnLoad] Facebook Check
UnityIAP: Runtime [2020.3.5f1]
UnityIAP: Current Build is iPhone:iOS
UnityIAP: stub FacebookStore.dll disabled
Mono: successfully reloaded assembly
- Completed reload, in  1.238 seconds
Platform modules already initialized, skipping
Switching build target platform(2) subTarget(0) extendedPlatform(0) -> platform(9) subTarget(16777218) extendedPlatform(0)
Refreshing native plugins compatible for Editor in 0.58 ms, found 1 plugins.
Preloading 0 native plugins for Editor in 0.00 ms.
Unloading 1308 Unused Serialized files (Serialized files now loaded: 0)
System memory in use before: 143.9 MB.
System memory in use after: 144.0 MB.

Unloading 49 unused Assets to reduce memory usage. Loaded Objects now: 1829.
Total: 4.882723 ms (FindLiveObjects: 0.190622 ms CreateObjectMapping: 0.040497 ms MarkObjects: 4.617658 ms  DeleteObjects: 0.033009 ms)

AssetImportParameters requested are different than current active one (requested -> active):
  custom:graphics/normal-map-encoding: 01000000000000000000000000000000 -> 02000000000000000000000000000000
========================================================================
Received Prepare
Registering precompiled user dll's ...
Registered in 0.098620 seconds.
Begin MonoManager ReloadAssembly
Native extension for LinuxStandalone target not found
Native extension for WindowsStandalone target not found
Native extension for OSXStandalone target not found
Native extension for WebGL target not found
Refreshing native plugins compatible for Editor in 0.94 ms, found 1 plugins.
Preloading 0 native plugins for Editor in 0.00 ms.
UnityIAP: [InitializeOnLoad] Facebook Check
UnityIAP: Runtime [2020.3.5f1]
UnityIAP: Current Build is iPhone:iOS
UnityIAP: stub FacebookStore.dll disabled
Mono: successfully reloaded assembly
- Completed reload, in  2.231 seconds
Platform modules already initialized, skipping
Switching build target platform(2) subTarget(0) extendedPlatform(0) -> platform(9) subTarget(16777218) extendedPlatform(0)
Refreshing native plugins compatible for Editor in 0.70 ms, found 1 plugins.
Preloading 0 native plugins for Editor in 0.00 ms.
Unloading 1308 Unused Serialized files (Serialized files now loaded: 0)
System memory in use before: 144.2 MB.
System memory in use after: 144.2 MB.

Unloading 49 unused Assets to reduce memory usage. Loaded Objects now: 1832.
Total: 6.539339 ms (FindLiveObjects: 0.272882 ms CreateObjectMapping: 0.052377 ms MarkObjects: 6.167605 ms  DeleteObjects: 0.044346 ms)

AssetImportParameters requested are different than current active one (requested -> active):
  custom:graphics/normal-map-encoding: 01000000000000000000000000000000 -> 02000000000000000000000000000000
========================================================================
Received Prepare
Registering precompiled user dll's ...
Registered in 0.070514 seconds.
Begin MonoManager ReloadAssembly
Native extension for LinuxStandalone target not found
Native extension for WindowsStandalone target not found
Native extension for OSXStandalone target not found
Native extension for WebGL target not found
Refreshing native plugins compatible for Editor in 0.72 ms, found 1 plugins.
Preloading 0 native plugins for Editor in 0.00 ms.
UnityIAP: [InitializeOnLoad] Facebook Check
UnityIAP: Runtime [2020.3.5f1]
UnityIAP: Current Build is iPhone:iOS
UnityIAP: stub FacebookStore.dll disabled
Mono: successfully reloaded assembly
- Completed reload, in  2.263 seconds
Platform modules already initialized, skipping
Switching build target platform(2) subTarget(0) extendedPlatform(0) -> platform(9) subTarget(16777218) extendedPlatform(0)
Refreshing native plugins compatible for Editor in 0.73 ms, found 1 plugins.
Preloading 0 native plugins for Editor in 0.00 ms.
Unloading 1308 Unused Serialized files (Serialized files now loaded: 0)
System memory in use before: 144.3 MB.
System memory in use after: 144.4 MB.

Unloading 49 unused Assets to reduce memory usage. Loaded Objects now: 1835.
Total: 7.818816 ms (FindLiveObjects: 0.430051 ms CreateObjectMapping: 0.104531 ms MarkObjects: 7.244721 ms  DeleteObjects: 0.037175 ms)

AssetImportParameters requested are different than current active one (requested -> active):
  custom:graphics/normal-map-encoding: 01000000000000000000000000000000 -> 02000000000000000000000000000000
========================================================================
Received Import Request.
  Time since last request: 1726.247554 seconds.
  path: Assets/Levels/Menu.unity
  artifactKey: Guid(cc5053e7d7d1d4f67a6560d5a2a615a3) Importer(815301076,1909f56bfc062723c751e8b465ee728b)
Start importing Assets/Levels/Menu.unity using Guid(cc5053e7d7d1d4f67a6560d5a2a615a3) Importer(815301076,1909f56bfc062723c751e8b465ee728b)  -> (artifact id: 'd21b480fd13d931bedab8a98a1cf571e') in 0.022489 seconds
  Import took 0.108377 seconds .

========================================================================
Received Import Request.
  Time since last request: 4.067630 seconds.
  path: Assets/Levels/End Credits.unity
  artifactKey: Guid(ba793004dca7e4b9980a6da1717a3ddf) Importer(815301076,1909f56bfc062723c751e8b465ee728b)
Start importing Assets/Levels/End Credits.unity using Guid(ba793004dca7e4b9980a6da1717a3ddf) Importer(815301076,1909f56bfc062723c751e8b465ee728b)  -> (artifact id: '89baf56471f56d18e496291e0b16e793') in 0.160884 seconds
  Import took 0.208042 seconds .

========================================================================
Received Prepare
Registering precompiled user dll's ...
Registered in 0.251662 seconds.
Begin MonoManager ReloadAssembly
Native extension for LinuxStandalone target not found
Native extension for WindowsStandalone target not found
Native extension for OSXStandalone target not found
Native extension for WebGL target not found
Refreshing native plugins compatible for Editor in 0.76 ms, found 1 plugins.
Preloading 0 native plugins for Editor in 0.00 ms.
UnityIAP: [InitializeOnLoad] Facebook Check
UnityIAP: Runtime [2020.3.5f1]
UnityIAP: Current Build is iPhone:iOS
UnityIAP: stub FacebookStore.dll disabled
Mono: successfully reloaded assembly
- Completed reload, in  2.407 seconds
Platform modules already initialized, skipping
Switching build target platform(2) subTarget(0) extendedPlatform(0) -> platform(9) subTarget(16777218) extendedPlatform(0)
Refreshing native plugins compatible for Editor in 0.74 ms, found 1 plugins.
Preloading 0 native plugins for Editor in 0.00 ms.
Unloading 1308 Unused Serialized files (Serialized files now loaded: 0)
System memory in use before: 144.6 MB.
System memory in use after: 144.6 MB.

Unloading 49 unused Assets to reduce memory usage. Loaded Objects now: 1838.
Total: 6.265399 ms (FindLiveObjects: 0.327551 ms CreateObjectMapping: 0.074232 ms MarkObjects: 5.831660 ms  DeleteObjects: 0.030349 ms)

AssetImportParameters requested are different than current active one (requested -> active):
  custom:graphics/normal-map-encoding: 01000000000000000000000000000000 -> 02000000000000000000000000000000
========================================================================
Received Prepare
Refreshing native plugins compatible for Editor in 370.29 ms, found 1 plugins.
Preloading 0 native plugins for Editor in 0.00 ms.
Unloading 48 Unused Serialized files (Serialized files now loaded: 0)
System memory in use before: 120.5 MB.
System memory in use after: 120.6 MB.

Unloading 47 unused Assets to reduce memory usage. Loaded Objects now: 1838.
Total: 15.119312 ms (FindLiveObjects: 1.373313 ms CreateObjectMapping: 0.063188 ms MarkObjects: 13.614381 ms  DeleteObjects: 0.065718 ms)

========================================================================
Received Prepare
Refreshing native plugins compatible for Editor in 205.61 ms, found 1 plugins.
Preloading 0 native plugins for Editor in 0.00 ms.
Unloading 48 Unused Serialized files (Serialized files now loaded: 0)
System memory in use before: 120.7 MB.
System memory in use after: 120.8 MB.

Unloading 47 unused Assets to reduce memory usage. Loaded Objects now: 1838.
Total: 68.600927 ms (FindLiveObjects: 0.845304 ms CreateObjectMapping: 0.059452 ms MarkObjects: 67.626829 ms  DeleteObjects: 0.067560 ms)

========================================================================
Received Prepare
Registering precompiled user dll's ...
Registered in 0.108108 seconds.
Begin MonoManager ReloadAssembly
Native extension for LinuxStandalone target not found
Native extension for WindowsStandalone target not found
Native extension for OSXStandalone target not found
Native extension for WebGL target not found
Refreshing native plugins compatible for Editor in 0.58 ms, found 1 plugins.
Preloading 0 native plugins for Editor in 0.00 ms.
UnityIAP: [InitializeOnLoad] Facebook Check
UnityIAP: Runtime [2020.3.5f1]
UnityIAP: Current Build is iPhone:iOS
UnityIAP: stub FacebookStore.dll disabled
Mono: successfully reloaded assembly
- Completed reload, in  3.372 seconds
Platform modules already initialized, skipping
Switching build target platform(2) subTarget(0) extendedPlatform(0) -> platform(9) subTarget(16777218) extendedPlatform(0)
Refreshing native plugins compatible for Editor in 0.91 ms, found 1 plugins.
Preloading 0 native plugins for Editor in 0.00 ms.
Unloading 1308 Unused Serialized files (Serialized files now loaded: 0)
System memory in use before: 145.0 MB.
System memory in use after: 145.1 MB.

Unloading 49 unused Assets to reduce memory usage. Loaded Objects now: 1841.
Total: 6.495362 ms (FindLiveObjects: 0.455363 ms CreateObjectMapping: 0.099719 ms MarkObjects: 5.886303 ms  DeleteObjects: 0.051717 ms)

AssetImportParameters requested are different than current active one (requested -> active):
  custom:graphics/normal-map-encoding: 01000000000000000000000000000000 -> 02000000000000000000000000000000
========================================================================
Received Import Request.
  Time since last request: 3976.303686 seconds.
  path: Assets/Levels/End Credits.unity
  artifactKey: Guid(ba793004dca7e4b9980a6da1717a3ddf) Importer(815301076,1909f56bfc062723c751e8b465ee728b)
Start importing Assets/Levels/End Credits.unity using Guid(ba793004dca7e4b9980a6da1717a3ddf) Importer(815301076,1909f56bfc062723c751e8b465ee728b)  -> (artifact id: '1c454c9195d0c397c47f2618a00d8d3d') in 0.049362 seconds
  Import took 0.188855 seconds .

========================================================================
Received Import Request.
  Time since last request: 1327.686649 seconds.
  path: Assets/Art/JR NewPB.png
  artifactKey: Guid(1b292f94ed25c40bba732cc1184c26ad) Importer(815301076,1909f56bfc062723c751e8b465ee728b)
Start importing Assets/Art/JR NewPB.png using Guid(1b292f94ed25c40bba732cc1184c26ad) Importer(815301076,1909f56bfc062723c751e8b465ee728b)  -> (artifact id: '6d206af9e4988d54bdc3bc318e559bd1') in 0.535548 seconds
  Import took 0.622270 seconds .

========================================================================
Received Import Request.
  Time since last request: 8.622323 seconds.
  path: Assets/Art/JR NewPB.png
  artifactKey: Guid(1b292f94ed25c40bba732cc1184c26ad) Importer(815301076,1909f56bfc062723c751e8b465ee728b)
Start importing Assets/Art/JR NewPB.png using Guid(1b292f94ed25c40bba732cc1184c26ad) Importer(815301076,1909f56bfc062723c751e8b465ee728b)  -> (artifact id: '1e8ea45d23b1b86874e60dd4379292f2') in 0.595177 seconds
  Import took 0.631049 seconds .

========================================================================
Received Prepare
Registering precompiled user dll's ...
Registered in 0.117645 seconds.
Begin MonoManager ReloadAssembly
Native extension for LinuxStandalone target not found
Native extension for WindowsStandalone target not found
Native extension for OSXStandalone target not found
Native extension for WebGL target not found
Refreshing native plugins compatible for Editor in 0.56 ms, found 1 plugins.
Preloading 0 native plugins for Editor in 0.00 ms.
UnityIAP: [InitializeOnLoad] Facebook Check
UnityIAP: Runtime [2020.3.5f1]
UnityIAP: Current Build is iPhone:iOS
UnityIAP: stub FacebookStore.dll disabled
Mono: successfully reloaded assembly
- Completed reload, in  1.738 seconds
Platform modules already initialized, skipping
Switching build target platform(2) subTarget(0) extendedPlatform(0) -> platform(9) subTarget(16777218) extendedPlatform(0)
Refreshing native plugins compatible for Editor in 0.65 ms, found 1 plugins.
Preloading 0 native plugins for Editor in 0.00 ms.
Unloading 1308 Unused Serialized files (Serialized files now loaded: 0)
System memory in use before: 148.4 MB.
System memory in use after: 148.5 MB.

Unloading 49 unused Assets to reduce memory usage. Loaded Objects now: 1849.
Total: 97.398708 ms (FindLiveObjects: 7.363595 ms CreateObjectMapping: 0.116555 ms MarkObjects: 89.786880 ms  DeleteObjects: 0.128217 ms)

AssetImportParameters requested are different than current active one (requested -> active):
  custom:graphics/normal-map-encoding: 01000000000000000000000000000000 -> 02000000000000000000000000000000
========================================================================
Received Import Request.
  Time since last request: 282.326212 seconds.
  path: Assets/Levels/Menu.unity
  artifactKey: Guid(cc5053e7d7d1d4f67a6560d5a2a615a3) Importer(815301076,1909f56bfc062723c751e8b465ee728b)
Start importing Assets/Levels/Menu.unity using Guid(cc5053e7d7d1d4f67a6560d5a2a615a3) Importer(815301076,1909f56bfc062723c751e8b465ee728b)  -> (artifact id: '6bc8fcf9d102035addff751a9804c07d') in 0.020031 seconds
  Import took 0.136854 seconds .

========================================================================
Received Import Request.
  Time since last request: 129.498189 seconds.
  path: Assets/Levels/End Credits.unity
  artifactKey: Guid(ba793004dca7e4b9980a6da1717a3ddf) Importer(815301076,1909f56bfc062723c751e8b465ee728b)
Start importing Assets/Levels/End Credits.unity using Guid(ba793004dca7e4b9980a6da1717a3ddf) Importer(815301076,1909f56bfc062723c751e8b465ee728b)  -> (artifact id: 'fc7ef6d456d084ae38c27604f59ca92e') in 0.411933 seconds
  Import took 0.430662 seconds .

========================================================================
Received Import Request.
  Time since last request: 9.562239 seconds.
  path: Assets/Levels/Floor B.unity
  artifactKey: Guid(e5250f0002ee84f23a05c45e9478053c) Importer(815301076,1909f56bfc062723c751e8b465ee728b)
Start importing Assets/Levels/Floor B.unity using Guid(e5250f0002ee84f23a05c45e9478053c) Importer(815301076,1909f56bfc062723c751e8b465ee728b)  -> (artifact id: '0dee23014b024df69d7c378df6bba7f3') in 0.133483 seconds
  Import took 0.185157 seconds .

========================================================================
Received Prepare
Registering precompiled user dll's ...
Registered in 0.036668 seconds.
Begin MonoManager ReloadAssembly
Native extension for LinuxStandalone target not found
Native extension for WindowsStandalone target not found
Native extension for OSXStandalone target not found
Native extension for WebGL target not found
Refreshing native plugins compatible for Editor in 0.58 ms, found 1 plugins.
Preloading 0 native plugins for Editor in 0.00 ms.
UnityIAP: [InitializeOnLoad] Facebook Check
UnityIAP: Runtime [2020.3.5f1]
UnityIAP: Current Build is iPhone:iOS
UnityIAP: stub FacebookStore.dll disabled
Mono: successfully reloaded assembly
- Completed reload, in  1.397 seconds
Platform modules already initialized, skipping
Switching build target platform(2) subTarget(0) extendedPlatform(0) -> platform(9) subTarget(16777218) extendedPlatform(0)
Refreshing native plugins compatible for Editor in 1.02 ms, found 1 plugins.
Preloading 0 native plugins for Editor in 0.00 ms.
Unloading 1308 Unused Serialized files (Serialized files now loaded: 0)
System memory in use before: 148.6 MB.
System memory in use after: 148.7 MB.

Unloading 49 unused Assets to reduce memory usage. Loaded Objects now: 1852.
Total: 5.791498 ms (FindLiveObjects: 0.357738 ms CreateObjectMapping: 0.074696 ms MarkObjects: 5.324107 ms  DeleteObjects: 0.033327 ms)

AssetImportParameters requested are different than current active one (requested -> active):
  custom:graphics/normal-map-encoding: 01000000000000000000000000000000 -> 02000000000000000000000000000000
========================================================================
Received Import Request.
  Time since last request: 133.689118 seconds.
  path: Assets/Levels/Floor B.unity
  artifactKey: Guid(e5250f0002ee84f23a05c45e9478053c) Importer(815301076,1909f56bfc062723c751e8b465ee728b)
Start importing Assets/Levels/Floor B.unity using Guid(e5250f0002ee84f23a05c45e9478053c) Importer(815301076,1909f56bfc062723c751e8b465ee728b)  -> (artifact id: '3669ac7b0849d837a9fb8568e178c504') in 0.342735 seconds
  Import took 0.372332 seconds .

========================================================================
Received Import Request.
  Time since last request: 0.028158 seconds.
  path: Assets/Levels/Floor B.unity
  artifactKey: Guid(e5250f0002ee84f23a05c45e9478053c) Importer(815301076,1909f56bfc062723c751e8b465ee728b)
Start importing Assets/Levels/Floor B.unity using Guid(e5250f0002ee84f23a05c45e9478053c) Importer(815301076,1909f56bfc062723c751e8b465ee728b)  -> (artifact id: '3669ac7b0849d837a9fb8568e178c504') in 0.035209 seconds
  Import took 0.050085 seconds .

========================================================================
Received Prepare
Registering precompiled user dll's ...
Registered in 0.004451 seconds.
Begin MonoManager ReloadAssembly
Native extension for LinuxStandalone target not found
Native extension for WindowsStandalone target not found
Native extension for OSXStandalone target not found
Native extension for WebGL target not found
Refreshing native plugins compatible for Editor in 0.86 ms, found 1 plugins.
Preloading 0 native plugins for Editor in 0.00 ms.
UnityIAP: [InitializeOnLoad] Facebook Check
UnityIAP: Runtime [2020.3.5f1]
UnityIAP: Current Build is iPhone:iOS
UnityIAP: stub FacebookStore.dll disabled
Mono: successfully reloaded assembly
- Completed reload, in  1.344 seconds
Platform modules already initialized, skipping
Switching build target platform(2) subTarget(0) extendedPlatform(0) -> platform(9) subTarget(16777218) extendedPlatform(0)
Refreshing native plugins compatible for Editor in 0.56 ms, found 1 plugins.
Preloading 0 native plugins for Editor in 0.00 ms.
Unloading 1308 Unused Serialized files (Serialized files now loaded: 0)
System memory in use before: 148.8 MB.
System memory in use after: 148.9 MB.

Unloading 49 unused Assets to reduce memory usage. Loaded Objects now: 1855.
Total: 5.527016 ms (FindLiveObjects: 0.227878 ms CreateObjectMapping: 0.053680 ms MarkObjects: 5.216568 ms  DeleteObjects: 0.027457 ms)

AssetImportParameters requested are different than current active one (requested -> active):
  custom:graphics/normal-map-encoding: 01000000000000000000000000000000 -> 02000000000000000000000000000000
========================================================================
Received Prepare
Registering precompiled user dll's ...
Registered in 0.075532 seconds.
Begin MonoManager ReloadAssembly
Native extension for LinuxStandalone target not found
Native extension for WindowsStandalone target not found
Native extension for OSXStandalone target not found
Native extension for WebGL target not found
Refreshing native plugins compatible for Editor in 0.56 ms, found 1 plugins.
Preloading 0 native plugins for Editor in 0.00 ms.
UnityIAP: [InitializeOnLoad] Facebook Check
UnityIAP: Runtime [2020.3.5f1]
UnityIAP: Current Build is iPhone:iOS
UnityIAP: stub FacebookStore.dll disabled
Mono: successfully reloaded assembly
- Completed reload, in  1.385 seconds
Platform modules already initialized, skipping
Switching build target platform(2) subTarget(0) extendedPlatform(0) -> platform(9) subTarget(16777218) extendedPlatform(0)
Refreshing native plugins compatible for Editor in 0.69 ms, found 1 plugins.
Preloading 0 native plugins for Editor in 0.00 ms.
Unloading 1308 Unused Serialized files (Serialized files now loaded: 0)
System memory in use before: 149.0 MB.
System memory in use after: 149.1 MB.

Unloading 49 unused Assets to reduce memory usage. Loaded Objects now: 1858.
Total: 7.540774 ms (FindLiveObjects: 0.420866 ms CreateObjectMapping: 0.100269 ms MarkObjects: 6.974374 ms  DeleteObjects: 0.042669 ms)

AssetImportParameters requested are different than current active one (requested -> active):
  custom:graphics/normal-map-encoding: 01000000000000000000000000000000 -> 02000000000000000000000000000000
========================================================================
Received Prepare
Refreshing native plugins compatible for Editor in 312.31 ms, found 1 plugins.
Preloading 0 native plugins for Editor in 0.00 ms.
Unloading 48 Unused Serialized files (Serialized files now loaded: 0)
System memory in use before: 124.9 MB.
System memory in use after: 125.0 MB.

Unloading 47 unused Assets to reduce memory usage. Loaded Objects now: 1858.
Total: 9.063032 ms (FindLiveObjects: 0.403017 ms CreateObjectMapping: 0.083338 ms MarkObjects: 8.533550 ms  DeleteObjects: 0.041076 ms)

========================================================================
Received Prepare
Registering precompiled user dll's ...
Registered in 0.152006 seconds.
Begin MonoManager ReloadAssembly
Native extension for LinuxStandalone target not found
Native extension for WindowsStandalone target not found
Native extension for OSXStandalone target not found
Native extension for WebGL target not found
Refreshing native plugins compatible for Editor in 0.62 ms, found 1 plugins.
Preloading 0 native plugins for Editor in 0.00 ms.
UnityIAP: [InitializeOnLoad] Facebook Check
UnityIAP: Runtime [2020.3.5f1]
UnityIAP: Current Build is Android:Android
UnityIAP: stub FacebookStore.dll disabled
Mono: successfully reloaded assembly
- Completed reload, in  2.088 seconds
Platform modules already initialized, skipping
Switching build target platform(2) subTarget(0) extendedPlatform(0) -> platform(13) subTarget(589824) extendedPlatform(0)
Refreshing native plugins compatible for Editor in 0.86 ms, found 1 plugins.
Preloading 0 native plugins for Editor in 0.00 ms.
Unloading 1308 Unused Serialized files (Serialized files now loaded: 0)
System memory in use before: 149.3 MB.
System memory in use after: 149.4 MB.

Unloading 49 unused Assets to reduce memory usage. Loaded Objects now: 1861.
Total: 6.545040 ms (FindLiveObjects: 0.484463 ms CreateObjectMapping: 0.091904 ms MarkObjects: 5.919158 ms  DeleteObjects: 0.047353 ms)

AssetImportParameters requested are different than current active one (requested -> active):
  custom:graphics/normal-map-encoding: 01000000000000000000000000000000 -> 02000000000000000000000000000000
========================================================================
Received Prepare
Refreshing native plugins compatible for Editor in 8.05 ms, found 1 plugins.
Preloading 0 native plugins for Editor in 0.00 ms.
Unloading 48 Unused Serialized files (Serialized files now loaded: 0)
System memory in use before: 124.9 MB.
System memory in use after: 125.0 MB.

Unloading 47 unused Assets to reduce memory usage. Loaded Objects now: 1861.
Total: 7.892062 ms (FindLiveObjects: 0.505256 ms CreateObjectMapping: 0.113097 ms MarkObjects: 7.238856 ms  DeleteObjects: 0.031666 ms)

========================================================================
Received Prepare
Refreshing native plugins compatible for Editor in 531.73 ms, found 1 plugins.
Preloading 0 native plugins for Editor in 0.00 ms.
Unloading 48 Unused Serialized files (Serialized files now loaded: 0)
System memory in use before: 125.1 MB.
System memory in use after: 125.2 MB.

Unloading 47 unused Assets to reduce memory usage. Loaded Objects now: 1861.
Total: 9.224338 ms (FindLiveObjects: 0.510176 ms CreateObjectMapping: 0.107807 ms MarkObjects: 8.569875 ms  DeleteObjects: 0.034130 ms)

