Using pre-set license

 COMMAND LINE ARGUMENTS:
/Volumes/Drive/Coding Software/Unity/2020.3.5f1/Unity.app/Contents/MacOS/Unity
-adb2
-batchMode
-noUpm
-name
AssetImportWorker0
-projectPath
/Volumes/Drive/Games/Released/2 Jail Run/Projects/Jail Run (New Art)
-logFile
Logs/AssetImportWorker0.log
-srvPort
51584
Successfully changed project path to: /Volumes/Drive/Games/Released/2 Jail Run/Projects/Jail Run (New Art)
/Volumes/Drive/Games/Released/2 Jail Run/Projects/Jail Run (New Art)
Using Asset Import Pipeline V2.
Refreshing native plugins compatible for Editor in 51.68 ms, found 1 plugins.
Preloading 0 native plugins for Editor in 0.00 ms.
Initialize engine version: 2020.3.5f1 (8095aa901b9b)
[Subsystems] Discovering subsystems at path /Volumes/Drive/Coding Software/Unity/2020.3.5f1/Unity.app/Contents/Resources/UnitySubsystems
[Subsystems] Discovering subsystems at path /Volumes/Drive/Games/Released/2 Jail Run/Projects/Jail Run (New Art)/Assets
GfxDevice: creating device client; threaded=0
2021-08-24 14:14:58.827 Unity[88517:4961678] Color LCD preferred device: Intel(R) Iris(TM) Plus Graphics 640 (low power)
2021-08-24 14:14:58.827 Unity[88517:4961678] Metal devices available: 1
2021-08-24 14:14:58.827 Unity[88517:4961678] 0: Intel(R) Iris(TM) Plus Graphics 640 (low power)
2021-08-24 14:14:58.828 Unity[88517:4961678] Using device Intel(R) Iris(TM) Plus Graphics 640 (low power)
Initializing Metal device caps: Intel(R) Iris(TM) Plus Graphics 640
Initialize mono
Mono path[0] = '/Volumes/Drive/Coding Software/Unity/2020.3.5f1/Unity.app/Contents/Managed'
Mono path[1] = '/Volumes/Drive/Coding Software/Unity/2020.3.5f1/Unity.app/Contents/MonoBleedingEdge/lib/mono/unityjit'
Mono config path = '/Volumes/Drive/Coding Software/Unity/2020.3.5f1/Unity.app/Contents/MonoBleedingEdge/etc'
Using monoOptions --debugger-agent=transport=dt_socket,embedding=1,server=y,suspend=n,address=127.0.0.1:56517
Begin MonoManager ReloadAssembly
Registering precompiled unity dll's ...
Register platform support module: /Volumes/Drive/Coding Software/Unity/2020.3.5f1/PlaybackEngines/WebGLSupport/UnityEditor.WebGL.Extensions.dll
Register platform support module: /Volumes/Drive/Coding Software/Unity/2020.3.5f1/Unity.app/Contents/PlaybackEngines/MacStandaloneSupport/UnityEditor.OSXStandalone.Extensions.dll
Register platform support module: /Volumes/Drive/Coding Software/Unity/2020.3.5f1/PlaybackEngines/WindowsStandaloneSupport/UnityEditor.WindowsStandalone.Extensions.dll
Register platform support module: /Volumes/Drive/Coding Software/Unity/2020.3.5f1/PlaybackEngines/LinuxStandaloneSupport/UnityEditor.LinuxStandalone.Extensions.dll
Registered in 0.001492 seconds.
Native extension for LinuxStandalone target not found
Native extension for WindowsStandalone target not found
Native extension for OSXStandalone target not found
Native extension for WebGL target not found
Refreshing native plugins compatible for Editor in 37.77 ms, found 1 plugins.
Preloading 0 native plugins for Editor in 0.00 ms.
Mono: successfully reloaded assembly
- Completed reload, in  3.827 seconds
Platform modules already initialized, skipping
Registering precompiled user dll's ...
Registered in 0.007290 seconds.
Begin MonoManager ReloadAssembly
Native extension for LinuxStandalone target not found
Native extension for WindowsStandalone target not found
Native extension for OSXStandalone target not found
Native extension for WebGL target not found
Refreshing native plugins compatible for Editor in 0.60 ms, found 1 plugins.
Preloading 0 native plugins for Editor in 0.00 ms.
UnityIAP: [InitializeOnLoad] Facebook Check
UnityIAP: Runtime [2020.3.5f1]
UnityIAP: Current Build is iPhone:StandaloneOSX
UnityIAP: stub FacebookStore.dll disabled
Mono: successfully reloaded assembly
- Completed reload, in  1.293 seconds
Platform modules already initialized, skipping
========================================================================
Worker process is ready to serve import requests
Launching external process: /Volumes/Drive/Coding Software/Unity/2020.3.5f1/Unity.app/Contents/Tools/UnityShaderCompiler
Launched and connected shader compiler UnityShaderCompiler after 0.02 seconds
Refreshing native plugins compatible for Editor in 0.57 ms, found 1 plugins.
Preloading 0 native plugins for Editor in 0.00 ms.
Unloading 1312 Unused Serialized files (Serialized files now loaded: 0)
System memory in use before: 124.5 MB.
System memory in use after: 124.5 MB.

Unloading 58 unused Assets to reduce memory usage. Loaded Objects now: 1724.
Total: 7.167873 ms (FindLiveObjects: 0.308914 ms CreateObjectMapping: 0.075999 ms MarkObjects: 6.697257 ms  DeleteObjects: 0.084429 ms)

========================================================================
Received Import Request.
  path: Assets/Levels/Menu.unity
  artifactKey: Guid(cc5053e7d7d1d4f67a6560d5a2a615a3) Importer(815301076,1909f56bfc062723c751e8b465ee728b)
Start importing Assets/Levels/Menu.unity using Guid(cc5053e7d7d1d4f67a6560d5a2a615a3) Importer(815301076,1909f56bfc062723c751e8b465ee728b)  -> (artifact id: '4b0c56ddc611b2b4d0a25dfe32761029') in 0.013848 seconds
  Import took 0.016729 seconds .

========================================================================
Received Prepare
Registering precompiled user dll's ...
Registered in 0.004346 seconds.
Begin MonoManager ReloadAssembly
Native extension for LinuxStandalone target not found
Native extension for WindowsStandalone target not found
Native extension for OSXStandalone target not found
Native extension for WebGL target not found
Refreshing native plugins compatible for Editor in 0.60 ms, found 1 plugins.
Preloading 0 native plugins for Editor in 0.00 ms.
UnityIAP: [InitializeOnLoad] Facebook Check
UnityIAP: Runtime [2020.3.5f1]
UnityIAP: Current Build is iPhone:iOS
UnityIAP: stub FacebookStore.dll disabled
Mono: successfully reloaded assembly
- Completed reload, in  1.405 seconds
Platform modules already initialized, skipping
Switching build target platform(2) subTarget(0) extendedPlatform(0) -> platform(9) subTarget(16777218) extendedPlatform(0)
Refreshing native plugins compatible for Editor in 0.80 ms, found 1 plugins.
Preloading 0 native plugins for Editor in 0.00 ms.
Unloading 1308 Unused Serialized files (Serialized files now loaded: 0)
System memory in use before: 123.9 MB.
System memory in use after: 124.0 MB.

Unloading 49 unused Assets to reduce memory usage. Loaded Objects now: 1727.
Total: 6.228066 ms (FindLiveObjects: 0.268796 ms CreateObjectMapping: 0.065621 ms MarkObjects: 5.841059 ms  DeleteObjects: 0.050818 ms)

AssetImportParameters requested are different than current active one (requested -> active):
  custom:graphics/normal-map-encoding: 01000000000000000000000000000000 -> 02000000000000000000000000000000
========================================================================
Received Prepare
Registering precompiled user dll's ...
Registered in 0.006144 seconds.
Begin MonoManager ReloadAssembly
Native extension for LinuxStandalone target not found
Native extension for WindowsStandalone target not found
Native extension for OSXStandalone target not found
Native extension for WebGL target not found
Refreshing native plugins compatible for Editor in 0.67 ms, found 1 plugins.
Preloading 0 native plugins for Editor in 0.00 ms.
UnityIAP: [InitializeOnLoad] Facebook Check
UnityIAP: Runtime [2020.3.5f1]
UnityIAP: Current Build is iPhone:iOS
UnityIAP: stub FacebookStore.dll disabled
Mono: successfully reloaded assembly
- Completed reload, in  1.718 seconds
Platform modules already initialized, skipping
Switching build target platform(2) subTarget(0) extendedPlatform(0) -> platform(9) subTarget(16777218) extendedPlatform(0)
Refreshing native plugins compatible for Editor in 0.60 ms, found 1 plugins.
Preloading 0 native plugins for Editor in 0.00 ms.
Unloading 1308 Unused Serialized files (Serialized files now loaded: 0)
System memory in use before: 124.2 MB.
System memory in use after: 124.2 MB.

Unloading 49 unused Assets to reduce memory usage. Loaded Objects now: 1730.
Total: 6.240414 ms (FindLiveObjects: 0.252016 ms CreateObjectMapping: 0.059539 ms MarkObjects: 5.892300 ms  DeleteObjects: 0.035438 ms)

AssetImportParameters requested are different than current active one (requested -> active):
  custom:graphics/normal-map-encoding: 01000000000000000000000000000000 -> 02000000000000000000000000000000
AssetImportWorkerClient::OnTransportError - code=2 error=End of file
